Using pre-set license
Built from '2020.3/staging' branch; Version is '2020.3.20f1 (41c4e627c95f) revision 4310246'; Using compiler version '192528614'; Build Type 'Release'
OS: 'Windows 10 Home Single Language; OS build 19043.1645; Version 2009; 64bit' Language: 'ru' Physical Memory: 12186 MB
BatchMode: 1, IsHumanControllingUs: 0, StartBugReporterOnCrash: 0, Is64bit: 1, IsPro: 0

COMMAND LINE ARGUMENTS:
C:\Program Files\Unity\Hub\Editor\2020.3.20f1\Editor\Unity.exe
-adb2
-batchMode
-noUpm
-name
AssetImportWorker2
-projectPath
C:/Users/дима/Documents/GitHub/roguelite/roguelite
-logFile
Logs/AssetImportWorker2.log
-srvPort
59743
Successfully changed project path to: C:/Users/дима/Documents/GitHub/roguelite/roguelite
C:/Users/дима/Documents/GitHub/roguelite/roguelite
Using Asset Import Pipeline V2.
Refreshing native plugins compatible for Editor in 534.97 ms, found 3 plugins.
Preloading 0 native plugins for Editor in 0.00 ms.
Initialize engine version: 2020.3.20f1 (41c4e627c95f)
[Subsystems] Discovering subsystems at path C:/Program Files/Unity/Hub/Editor/2020.3.20f1/Editor/Data/Resources/UnitySubsystems
[Subsystems] Discovering subsystems at path C:/Users/дима/Documents/GitHub/roguelite/roguelite/Assets
GfxDevice: creating device client; threaded=0
Direct3D:
    Version:  Direct3D 11.0 [level 11.1]
    Renderer: AMD Radeon (TM) R7 M340 (ID=0x6900)
    Vendor:   
    VRAM:     2038 MB
    Driver:   27.20.21003.1028
Initialize mono
Mono path[0] = 'C:/Program Files/Unity/Hub/Editor/2020.3.20f1/Editor/Data/Managed'
Mono path[1] = 'C:/Program Files/Unity/Hub/Editor/2020.3.20f1/Editor/Data/MonoBleedingEdge/lib/mono/unityjit'
Mono config path = 'C:/Program Files/Unity/Hub/Editor/2020.3.20f1/Editor/Data/MonoBleedingEdge/etc'
Using monoOptions --debugger-agent=transport=dt_socket,embedding=1,server=y,suspend=n,address=127.0.0.1:56908
Begin MonoManager ReloadAssembly
Registering precompiled unity dll's ...
Register platform support module: C:/Program Files/Unity/Hub/Editor/2020.3.20f1/Editor/Data/PlaybackEngines/WebGLSupport/UnityEditor.WebGL.Extensions.dll
Register platform support module: C:/Program Files/Unity/Hub/Editor/2020.3.20f1/Editor/Data/PlaybackEngines/WindowsStandaloneSupport/UnityEditor.WindowsStandalone.Extensions.dll
Registered in 0.009758 seconds.
Native extension for WindowsStandalone target not found
Native extension for WebGL target not found
Refreshing native plugins compatible for Editor in 243.60 ms, found 3 plugins.
Preloading 0 native plugins for Editor in 0.00 ms.
Mono: successfully reloaded assembly
- Completed reload, in 10.986 seconds
Domain Reload Profiling:
	ReloadAssembly (10987ms)
		BeginReloadAssembly (801ms)
			ExecutionOrderSort (0ms)
			DisableScriptedObjects (0ms)
			BackupInstance (0ms)
			ReleaseScriptingObjects (0ms)
			CreateAndSetChildDomain (3ms)
		EndReloadAssembly (3024ms)
			LoadAssemblies (767ms)
			RebuildTransferFunctionScriptingTraits (0ms)
			SetupTypeCache (1243ms)
			ReleaseScriptCaches (0ms)
			RebuildScriptCaches (321ms)
			SetupLoadedEditorAssemblies (966ms)
				LogAssemblyErrors (0ms)
				InitializePlatformSupportModulesInManaged (25ms)
				SetLoadedEditorAssemblies (2ms)
				RefreshPlugins (244ms)
				BeforeProcessingInitializeOnLoad (68ms)
				ProcessInitializeOnLoadAttributes (494ms)
				ProcessInitializeOnLoadMethodAttributes (133ms)
				AfterProcessingInitializeOnLoad (0ms)
				EditorAssembliesLoaded (1ms)
			ExecutionOrderSort2 (0ms)
			AwakeInstancesAfterBackupRestoration (0ms)
Platform modules already initialized, skipping
Registering precompiled user dll's ...
Registered in 0.020770 seconds.
Begin MonoManager ReloadAssembly
Native extension for WindowsStandalone target not found
Native extension for WebGL target not found
Refreshing native plugins compatible for Editor in 214.23 ms, found 3 plugins.
Preloading 0 native plugins for Editor in 0.00 ms.
Mono: successfully reloaded assembly
- Completed reload, in  5.839 seconds
Domain Reload Profiling:
	ReloadAssembly (5841ms)
		BeginReloadAssembly (919ms)
			ExecutionOrderSort (0ms)
			DisableScriptedObjects (26ms)
			BackupInstance (0ms)
			ReleaseScriptingObjects (0ms)
			CreateAndSetChildDomain (41ms)
		EndReloadAssembly (4772ms)
			LoadAssemblies (466ms)
			RebuildTransferFunctionScriptingTraits (0ms)
			SetupTypeCache (1929ms)
			ReleaseScriptCaches (1ms)
			RebuildScriptCaches (227ms)
			SetupLoadedEditorAssemblies (1619ms)
				LogAssemblyErrors (0ms)
				InitializePlatformSupportModulesInManaged (14ms)
				SetLoadedEditorAssemblies (0ms)
				RefreshPlugins (214ms)
				BeforeProcessingInitializeOnLoad (425ms)
				ProcessInitializeOnLoadAttributes (858ms)
				ProcessInitializeOnLoadMethodAttributes (88ms)
				AfterProcessingInitializeOnLoad (19ms)
				EditorAssembliesLoaded (0ms)
			ExecutionOrderSort2 (0ms)
			AwakeInstancesAfterBackupRestoration (20ms)
Platform modules already initialized, skipping
========================================================================
Worker process is ready to serve import requests
Launched and connected shader compiler UnityShaderCompiler.exe after 0.39 seconds
Refreshing native plugins compatible for Editor in 1.72 ms, found 3 plugins.
Preloading 0 native plugins for Editor in 0.00 ms.
Unloading 2353 Unused Serialized files (Serialized files now loaded: 0)
System memory in use before: 99.9 MB.
System memory in use after: 100.1 MB.

Unloading 28 unused Assets to reduce memory usage. Loaded Objects now: 2792.
Total: 12.746800 ms (FindLiveObjects: 0.619800 ms CreateObjectMapping: 0.327700 ms MarkObjects: 11.615000 ms  DeleteObjects: 0.180800 ms)

AssetImportParameters requested are different than current active one (requested -> active):
  custom:framework-win-MediaFoundation: 216162199b28c13a410421893ffa2e32 -> 
  custom:video-decoder-ogg-theora: a1e56fd34408186e4bbccfd4996cb3dc -> 
  custom:container-muxer-webm: aa71ff27fc2769a1b78a27578f13a17b -> 
  custom:container-demuxer-webm: 4f35f7cbe854078d1ac9338744f61a02 -> 
  custom:container-demuxer-ogg: 62fdf1f143b41e24485cea50d1cbac27 -> 
  custom:video-encoder-webm-vp8: eb34c28f22e8b96e1ab97ce403110664 -> 
  custom:video-decoder-webm-vp8: 9c59270c3fd7afecdb556c50c9e8de78 -> 
  custom:audio-decoder-ogg-vorbis: bf7c407c2cedff20999df2af8eb42d56 -> 
  custom:audio-encoder-webm-vorbis: bf7c407c2cedff20999df2af8eb42d56 -> 
========================================================================
Received Import Request.
  path: Assets/Scripts/Creatures/Bosses/Gasadokuro/Attacks/ChargeAndThrow.cs
  artifactKey: Guid(dd9bf64a74afa2f4d9321c7d37b601c6) Importer(815301076,1909f56bfc062723c751e8b465ee728b)
Start importing Assets/Scripts/Creatures/Bosses/Gasadokuro/Attacks/ChargeAndThrow.cs using Guid(dd9bf64a74afa2f4d9321c7d37b601c6) Importer(815301076,1909f56bfc062723c751e8b465ee728b)  -> (artifact id: '34574eafce6ed572d137cd62fcd85442') in 0.147092 seconds 
  Import took 0.161499 seconds .

========================================================================
Received Import Request.
  Time since last request: 809.836652 seconds.
  path: Assets/Scripts/Creatures/Bosses/Gasadokuro/Attacks/ChargeAndThrow.cs
  artifactKey: Guid(dd9bf64a74afa2f4d9321c7d37b601c6) Importer(815301076,1909f56bfc062723c751e8b465ee728b)
Start importing Assets/Scripts/Creatures/Bosses/Gasadokuro/Attacks/ChargeAndThrow.cs using Guid(dd9bf64a74afa2f4d9321c7d37b601c6) Importer(815301076,1909f56bfc062723c751e8b465ee728b)  -> (artifact id: '94ccd6705b0097af2439f0845ab9953e') in 0.457364 seconds 
  Import took 0.983387 seconds .

========================================================================
Received Prepare
Registering precompiled user dll's ...
Registered in 0.064929 seconds.
Begin MonoManager ReloadAssembly
Native extension for WindowsStandalone target not found
Native extension for WebGL target not found
Refreshing native plugins compatible for Editor in 1.47 ms, found 3 plugins.
Preloading 0 native plugins for Editor in 0.00 ms.
Mono: successfully reloaded assembly
- Completed reload, in  7.173 seconds
Domain Reload Profiling:
	ReloadAssembly (7174ms)
		BeginReloadAssembly (823ms)
			ExecutionOrderSort (0ms)
			DisableScriptedObjects (65ms)
			BackupInstance (0ms)
			ReleaseScriptingObjects (0ms)
			CreateAndSetChildDomain (427ms)
		EndReloadAssembly (5993ms)
			LoadAssemblies (430ms)
			RebuildTransferFunctionScriptingTraits (0ms)
			SetupTypeCache (2601ms)
			ReleaseScriptCaches (1ms)
			RebuildScriptCaches (405ms)
			SetupLoadedEditorAssemblies (1985ms)
				LogAssemblyErrors (0ms)
				InitializePlatformSupportModulesInManaged (27ms)
				SetLoadedEditorAssemblies (1ms)
				RefreshPlugins (2ms)
				BeforeProcessingInitializeOnLoad (381ms)
				ProcessInitializeOnLoadAttributes (1481ms)
				ProcessInitializeOnLoadMethodAttributes (21ms)
				AfterProcessingInitializeOnLoad (71ms)
				EditorAssembliesLoaded (0ms)
			ExecutionOrderSort2 (0ms)
			AwakeInstancesAfterBackupRestoration (45ms)
Platform modules already initialized, skipping
Refreshing native plugins compatible for Editor in 25.96 ms, found 3 plugins.
Preloading 0 native plugins for Editor in 0.00 ms.
Unloading 2343 Unused Serialized files (Serialized files now loaded: 0)
System memory in use before: 99.5 MB.
System memory in use after: 99.7 MB.

Unloading 16 unused Assets to reduce memory usage. Loaded Objects now: 2795.
Total: 24.920900 ms (FindLiveObjects: 0.609400 ms CreateObjectMapping: 0.273800 ms MarkObjects: 24.002100 ms  DeleteObjects: 0.033100 ms)

AssetImportParameters requested are different than current active one (requested -> active):
  custom:framework-win-MediaFoundation: 216162199b28c13a410421893ffa2e32 -> 
  custom:video-decoder-ogg-theora: a1e56fd34408186e4bbccfd4996cb3dc -> 
  custom:container-muxer-webm: aa71ff27fc2769a1b78a27578f13a17b -> 
  custom:container-demuxer-webm: 4f35f7cbe854078d1ac9338744f61a02 -> 
  custom:container-demuxer-ogg: 62fdf1f143b41e24485cea50d1cbac27 -> 
  custom:video-encoder-webm-vp8: eb34c28f22e8b96e1ab97ce403110664 -> 
  custom:video-decoder-webm-vp8: 9c59270c3fd7afecdb556c50c9e8de78 -> 
  custom:audio-decoder-ogg-vorbis: bf7c407c2cedff20999df2af8eb42d56 -> 
  custom:audio-encoder-webm-vorbis: bf7c407c2cedff20999df2af8eb42d56 -> 
========================================================================
Received Import Request.
  Time since last request: 217.406994 seconds.
  path: Assets/Scripts/Creatures/Bosses/Gasadokuro/Attacks/ChargeAndThrow.cs
  artifactKey: Guid(dd9bf64a74afa2f4d9321c7d37b601c6) Importer(815301076,1909f56bfc062723c751e8b465ee728b)
Start importing Assets/Scripts/Creatures/Bosses/Gasadokuro/Attacks/ChargeAndThrow.cs using Guid(dd9bf64a74afa2f4d9321c7d37b601c6) Importer(815301076,1909f56bfc062723c751e8b465ee728b)  -> (artifact id: '94612be1309693da2bf3e9d8ab21f026') in 2.136792 seconds 
  Import took 2.151595 seconds .

========================================================================
Received Prepare
Registering precompiled user dll's ...
Registered in 0.025222 seconds.
Begin MonoManager ReloadAssembly
Native extension for WindowsStandalone target not found
Native extension for WebGL target not found
Refreshing native plugins compatible for Editor in 2.32 ms, found 3 plugins.
Preloading 0 native plugins for Editor in 0.00 ms.
Mono: successfully reloaded assembly
- Completed reload, in 12.124 seconds
Domain Reload Profiling:
	ReloadAssembly (12127ms)
		BeginReloadAssembly (472ms)
			ExecutionOrderSort (0ms)
			DisableScriptedObjects (31ms)
			BackupInstance (0ms)
			ReleaseScriptingObjects (0ms)
			CreateAndSetChildDomain (165ms)
		EndReloadAssembly (11282ms)
			LoadAssemblies (461ms)
			RebuildTransferFunctionScriptingTraits (0ms)
			SetupTypeCache (5148ms)
			ReleaseScriptCaches (3ms)
			RebuildScriptCaches (1081ms)
			SetupLoadedEditorAssemblies (2264ms)
				LogAssemblyErrors (0ms)
				InitializePlatformSupportModulesInManaged (40ms)
				SetLoadedEditorAssemblies (1ms)
				RefreshPlugins (2ms)
				BeforeProcessingInitializeOnLoad (1013ms)
				ProcessInitializeOnLoadAttributes (1132ms)
				ProcessInitializeOnLoadMethodAttributes (38ms)
				AfterProcessingInitializeOnLoad (36ms)
				EditorAssembliesLoaded (1ms)
			ExecutionOrderSort2 (0ms)
			AwakeInstancesAfterBackupRestoration (63ms)
Platform modules already initialized, skipping
Refreshing native plugins compatible for Editor in 5.56 ms, found 3 plugins.
Preloading 0 native plugins for Editor in 0.00 ms.
Unloading 2343 Unused Serialized files (Serialized files now loaded: 0)
System memory in use before: 99.5 MB.
System memory in use after: 99.8 MB.

Unloading 16 unused Assets to reduce memory usage. Loaded Objects now: 2798.
Total: 11.740000 ms (FindLiveObjects: 2.240200 ms CreateObjectMapping: 0.409100 ms MarkObjects: 9.037000 ms  DeleteObjects: 0.050700 ms)

AssetImportParameters requested are different than current active one (requested -> active):
  custom:framework-win-MediaFoundation: 216162199b28c13a410421893ffa2e32 -> 
  custom:video-decoder-ogg-theora: a1e56fd34408186e4bbccfd4996cb3dc -> 
  custom:container-muxer-webm: aa71ff27fc2769a1b78a27578f13a17b -> 
  custom:container-demuxer-webm: 4f35f7cbe854078d1ac9338744f61a02 -> 
  custom:container-demuxer-ogg: 62fdf1f143b41e24485cea50d1cbac27 -> 
  custom:video-encoder-webm-vp8: eb34c28f22e8b96e1ab97ce403110664 -> 
  custom:video-decoder-webm-vp8: 9c59270c3fd7afecdb556c50c9e8de78 -> 
  custom:audio-decoder-ogg-vorbis: bf7c407c2cedff20999df2af8eb42d56 -> 
  custom:audio-encoder-webm-vorbis: bf7c407c2cedff20999df2af8eb42d56 -> 
========================================================================
Received Prepare
Registering precompiled user dll's ...
Registered in 0.018374 seconds.
Begin MonoManager ReloadAssembly
Native extension for WindowsStandalone target not found
Native extension for WebGL target not found
Refreshing native plugins compatible for Editor in 4.39 ms, found 3 plugins.
Preloading 0 native plugins for Editor in 0.00 ms.
Mono: successfully reloaded assembly
- Completed reload, in 20.080 seconds
Domain Reload Profiling:
	ReloadAssembly (20097ms)
		BeginReloadAssembly (2026ms)
			ExecutionOrderSort (0ms)
			DisableScriptedObjects (75ms)
			BackupInstance (0ms)
			ReleaseScriptingObjects (0ms)
			CreateAndSetChildDomain (1046ms)
		EndReloadAssembly (17560ms)
			LoadAssemblies (954ms)
			RebuildTransferFunctionScriptingTraits (0ms)
			SetupTypeCache (4090ms)
			ReleaseScriptCaches (7ms)
			RebuildScriptCaches (942ms)
			SetupLoadedEditorAssemblies (8169ms)
				LogAssemblyErrors (0ms)
				InitializePlatformSupportModulesInManaged (30ms)
				SetLoadedEditorAssemblies (1ms)
				RefreshPlugins (5ms)
				BeforeProcessingInitializeOnLoad (5047ms)
				ProcessInitializeOnLoadAttributes (2950ms)
				ProcessInitializeOnLoadMethodAttributes (33ms)
				AfterProcessingInitializeOnLoad (103ms)
				EditorAssembliesLoaded (1ms)
			ExecutionOrderSort2 (0ms)
			AwakeInstancesAfterBackupRestoration (122ms)
Platform modules already initialized, skipping
Refreshing native plugins compatible for Editor in 2.36 ms, found 3 plugins.
Preloading 0 native plugins for Editor in 0.00 ms.
Unloading 2343 Unused Serialized files (Serialized files now loaded: 0)
System memory in use before: 99.6 MB.
System memory in use after: 99.8 MB.

Unloading 16 unused Assets to reduce memory usage. Loaded Objects now: 2801.
Total: 54.103600 ms (FindLiveObjects: 19.721400 ms CreateObjectMapping: 0.374200 ms MarkObjects: 33.953600 ms  DeleteObjects: 0.051700 ms)

AssetImportParameters requested are different than current active one (requested -> active):
  custom:framework-win-MediaFoundation: 216162199b28c13a410421893ffa2e32 -> 
  custom:video-decoder-ogg-theora: a1e56fd34408186e4bbccfd4996cb3dc -> 
  custom:container-muxer-webm: aa71ff27fc2769a1b78a27578f13a17b -> 
  custom:container-demuxer-webm: 4f35f7cbe854078d1ac9338744f61a02 -> 
  custom:container-demuxer-ogg: 62fdf1f143b41e24485cea50d1cbac27 -> 
  custom:video-encoder-webm-vp8: eb34c28f22e8b96e1ab97ce403110664 -> 
  custom:video-decoder-webm-vp8: 9c59270c3fd7afecdb556c50c9e8de78 -> 
  custom:audio-decoder-ogg-vorbis: bf7c407c2cedff20999df2af8eb42d56 -> 
  custom:audio-encoder-webm-vorbis: bf7c407c2cedff20999df2af8eb42d56 -> 
========================================================================
Received Prepare
Registering precompiled user dll's ...
Registered in 0.260351 seconds.
Begin MonoManager ReloadAssembly
Native extension for WindowsStandalone target not found
Native extension for WebGL target not found
Refreshing native plugins compatible for Editor in 3.98 ms, found 3 plugins.
Preloading 0 native plugins for Editor in 0.00 ms.
Mono: successfully reloaded assembly
- Completed reload, in  6.659 seconds
Domain Reload Profiling:
	ReloadAssembly (6660ms)
		BeginReloadAssembly (474ms)
			ExecutionOrderSort (0ms)
			DisableScriptedObjects (24ms)
			BackupInstance (0ms)
			ReleaseScriptingObjects (0ms)
			CreateAndSetChildDomain (163ms)
		EndReloadAssembly (5675ms)
			LoadAssemblies (452ms)
			RebuildTransferFunctionScriptingTraits (0ms)
			SetupTypeCache (2198ms)
			ReleaseScriptCaches (4ms)
			RebuildScriptCaches (354ms)
			SetupLoadedEditorAssemblies (1943ms)
				LogAssemblyErrors (0ms)
				InitializePlatformSupportModulesInManaged (24ms)
				SetLoadedEditorAssemblies (5ms)
				RefreshPlugins (4ms)
				BeforeProcessingInitializeOnLoad (657ms)
				ProcessInitializeOnLoadAttributes (1189ms)
				ProcessInitializeOnLoadMethodAttributes (28ms)
				AfterProcessingInitializeOnLoad (35ms)
				EditorAssembliesLoaded (0ms)
			ExecutionOrderSort2 (0ms)
			AwakeInstancesAfterBackupRestoration (49ms)
Platform modules already initialized, skipping
Refreshing native plugins compatible for Editor in 4.20 ms, found 3 plugins.
Preloading 0 native plugins for Editor in 0.00 ms.
Unloading 2343 Unused Serialized files (Serialized files now loaded: 0)
System memory in use before: 99.6 MB.
System memory in use after: 99.8 MB.

Unloading 17 unused Assets to reduce memory usage. Loaded Objects now: 2804.
Total: 7.582400 ms (FindLiveObjects: 0.363100 ms CreateObjectMapping: 0.317700 ms MarkObjects: 6.851100 ms  DeleteObjects: 0.048100 ms)

AssetImportParameters requested are different than current active one (requested -> active):
  custom:framework-win-MediaFoundation: 216162199b28c13a410421893ffa2e32 -> 
  custom:video-decoder-ogg-theora: a1e56fd34408186e4bbccfd4996cb3dc -> 
  custom:container-muxer-webm: aa71ff27fc2769a1b78a27578f13a17b -> 
  custom:container-demuxer-webm: 4f35f7cbe854078d1ac9338744f61a02 -> 
  custom:container-demuxer-ogg: 62fdf1f143b41e24485cea50d1cbac27 -> 
  custom:video-encoder-webm-vp8: eb34c28f22e8b96e1ab97ce403110664 -> 
  custom:video-decoder-webm-vp8: 9c59270c3fd7afecdb556c50c9e8de78 -> 
  custom:audio-decoder-ogg-vorbis: bf7c407c2cedff20999df2af8eb42d56 -> 
  custom:audio-encoder-webm-vorbis: bf7c407c2cedff20999df2af8eb42d56 -> 
========================================================================
Received Import Request.
  Time since last request: 883.705849 seconds.
  path: Assets/Scripts/Creatures/Bosses/Gasadokuro/Attacks/CrushingLeap.cs
  artifactKey: Guid(dd586d54e7a1f8b49b9ba051304746d0) Importer(815301076,1909f56bfc062723c751e8b465ee728b)
Start importing Assets/Scripts/Creatures/Bosses/Gasadokuro/Attacks/CrushingLeap.cs using Guid(dd586d54e7a1f8b49b9ba051304746d0) Importer(815301076,1909f56bfc062723c751e8b465ee728b)  -> (artifact id: '805f57d8053707d2e8119af252a08f4c') in 12.154777 seconds 
  Import took 16.246805 seconds .

========================================================================
Received Prepare
Registering precompiled user dll's ...
Registered in 0.084579 seconds.
Begin MonoManager ReloadAssembly
Native extension for WindowsStandalone target not found
Native extension for WebGL target not found
Refreshing native plugins compatible for Editor in 1.46 ms, found 3 plugins.
Preloading 0 native plugins for Editor in 0.00 ms.
Mono: successfully reloaded assembly
- Completed reload, in  7.163 seconds
Domain Reload Profiling:
	ReloadAssembly (7164ms)
		BeginReloadAssembly (651ms)
			ExecutionOrderSort (0ms)
			DisableScriptedObjects (17ms)
			BackupInstance (0ms)
			ReleaseScriptingObjects (0ms)
			CreateAndSetChildDomain (176ms)
		EndReloadAssembly (6031ms)
			LoadAssemblies (662ms)
			RebuildTransferFunctionScriptingTraits (0ms)
			SetupTypeCache (3018ms)
			ReleaseScriptCaches (3ms)
			RebuildScriptCaches (312ms)
			SetupLoadedEditorAssemblies (1578ms)
				LogAssemblyErrors (0ms)
				InitializePlatformSupportModulesInManaged (25ms)
				SetLoadedEditorAssemblies (5ms)
				RefreshPlugins (2ms)
				BeforeProcessingInitializeOnLoad (357ms)
				ProcessInitializeOnLoadAttributes (1152ms)
				ProcessInitializeOnLoadMethodAttributes (14ms)
				AfterProcessingInitializeOnLoad (22ms)
				EditorAssembliesLoaded (1ms)
			ExecutionOrderSort2 (0ms)
			AwakeInstancesAfterBackupRestoration (46ms)
Platform modules already initialized, skipping
Refreshing native plugins compatible for Editor in 1.31 ms, found 3 plugins.
Preloading 0 native plugins for Editor in 0.00 ms.
Unloading 2344 Unused Serialized files (Serialized files now loaded: 0)
System memory in use before: 99.5 MB.
System memory in use after: 99.7 MB.

Unloading 16 unused Assets to reduce memory usage. Loaded Objects now: 2808.
Total: 11.232700 ms (FindLiveObjects: 0.374500 ms CreateObjectMapping: 0.232900 ms MarkObjects: 10.579300 ms  DeleteObjects: 0.043000 ms)

AssetImportParameters requested are different than current active one (requested -> active):
  custom:framework-win-MediaFoundation: 216162199b28c13a410421893ffa2e32 -> 
  custom:video-decoder-ogg-theora: a1e56fd34408186e4bbccfd4996cb3dc -> 
  custom:container-muxer-webm: aa71ff27fc2769a1b78a27578f13a17b -> 
  custom:container-demuxer-webm: 4f35f7cbe854078d1ac9338744f61a02 -> 
  custom:container-demuxer-ogg: 62fdf1f143b41e24485cea50d1cbac27 -> 
  custom:video-encoder-webm-vp8: eb34c28f22e8b96e1ab97ce403110664 -> 
  custom:video-decoder-webm-vp8: 9c59270c3fd7afecdb556c50c9e8de78 -> 
  custom:audio-decoder-ogg-vorbis: bf7c407c2cedff20999df2af8eb42d56 -> 
  custom:audio-encoder-webm-vorbis: bf7c407c2cedff20999df2af8eb42d56 -> 
========================================================================
Received Import Request.
  Time since last request: 19.618587 seconds.
  path: Assets/Scripts/Creatures/Bosses/Gasadokuro/Attacks/CrushingLeap.cs
  artifactKey: Guid(dd586d54e7a1f8b49b9ba051304746d0) Importer(815301076,1909f56bfc062723c751e8b465ee728b)
Start importing Assets/Scripts/Creatures/Bosses/Gasadokuro/Attacks/CrushingLeap.cs using Guid(dd586d54e7a1f8b49b9ba051304746d0) Importer(815301076,1909f56bfc062723c751e8b465ee728b)  -> (artifact id: '805f57d8053707d2e8119af252a08f4c') in 0.086784 seconds 
  Import took 0.100595 seconds .

========================================================================
Received Import Request.
  Time since last request: 63.451620 seconds.
  path: Assets/Scripts/Creatures/Bosses/Gasadokuro/Attacks/ThrowStone.cs
  artifactKey: Guid(5b8c2e4606b7d784eb524acb73b6c755) Importer(815301076,1909f56bfc062723c751e8b465ee728b)
Start importing Assets/Scripts/Creatures/Bosses/Gasadokuro/Attacks/ThrowStone.cs using Guid(5b8c2e4606b7d784eb524acb73b6c755) Importer(815301076,1909f56bfc062723c751e8b465ee728b)  -> (artifact id: '07490f1e4727ca8dec32e432123a03b3') in 0.020055 seconds 
  Import took 0.031798 seconds .

========================================================================
Received Prepare
Registering precompiled user dll's ...
Registered in 0.231000 seconds.
Begin MonoManager ReloadAssembly
Native extension for WindowsStandalone target not found
Native extension for WebGL target not found
Refreshing native plugins compatible for Editor in 0.89 ms, found 3 plugins.
Preloading 0 native plugins for Editor in 0.00 ms.
Mono: successfully reloaded assembly
- Completed reload, in 11.575 seconds
Domain Reload Profiling:
	ReloadAssembly (11578ms)
		BeginReloadAssembly (1097ms)
			ExecutionOrderSort (0ms)
			DisableScriptedObjects (71ms)
			BackupInstance (0ms)
			ReleaseScriptingObjects (0ms)
			CreateAndSetChildDomain (216ms)
		EndReloadAssembly (9775ms)
			LoadAssemblies (1212ms)
			RebuildTransferFunctionScriptingTraits (0ms)
			SetupTypeCache (4718ms)
			ReleaseScriptCaches (27ms)
			RebuildScriptCaches (736ms)
			SetupLoadedEditorAssemblies (2593ms)
				LogAssemblyErrors (0ms)
				InitializePlatformSupportModulesInManaged (31ms)
				SetLoadedEditorAssemblies (1ms)
				RefreshPlugins (1ms)
				BeforeProcessingInitializeOnLoad (577ms)
				ProcessInitializeOnLoadAttributes (1866ms)
				ProcessInitializeOnLoadMethodAttributes (59ms)
				AfterProcessingInitializeOnLoad (57ms)
				EditorAssembliesLoaded (0ms)
			ExecutionOrderSort2 (0ms)
			AwakeInstancesAfterBackupRestoration (91ms)
Platform modules already initialized, skipping
Refreshing native plugins compatible for Editor in 67.14 ms, found 3 plugins.
Preloading 0 native plugins for Editor in 0.00 ms.
Unloading 2345 Unused Serialized files (Serialized files now loaded: 0)
System memory in use before: 99.6 MB.
System memory in use after: 99.9 MB.

Unloading 16 unused Assets to reduce memory usage. Loaded Objects now: 2812.
Total: 25.127800 ms (FindLiveObjects: 0.773400 ms CreateObjectMapping: 0.311300 ms MarkObjects: 23.995200 ms  DeleteObjects: 0.044100 ms)

AssetImportParameters requested are different than current active one (requested -> active):
  custom:framework-win-MediaFoundation: 216162199b28c13a410421893ffa2e32 -> 
  custom:video-decoder-ogg-theora: a1e56fd34408186e4bbccfd4996cb3dc -> 
  custom:container-muxer-webm: aa71ff27fc2769a1b78a27578f13a17b -> 
  custom:container-demuxer-webm: 4f35f7cbe854078d1ac9338744f61a02 -> 
  custom:container-demuxer-ogg: 62fdf1f143b41e24485cea50d1cbac27 -> 
  custom:video-encoder-webm-vp8: eb34c28f22e8b96e1ab97ce403110664 -> 
  custom:video-decoder-webm-vp8: 9c59270c3fd7afecdb556c50c9e8de78 -> 
  custom:audio-decoder-ogg-vorbis: bf7c407c2cedff20999df2af8eb42d56 -> 
  custom:audio-encoder-webm-vorbis: bf7c407c2cedff20999df2af8eb42d56 -> 
========================================================================
Received Import Request.
  Time since last request: 136.930024 seconds.
  path: Assets/Scripts/Creatures/Bosses/Gasadokuro/Attacks/SummonAcolytes.cs
  artifactKey: Guid(3372b33205fc1d84daeddc5e5d2a2163) Importer(815301076,1909f56bfc062723c751e8b465ee728b)
Start importing Assets/Scripts/Creatures/Bosses/Gasadokuro/Attacks/SummonAcolytes.cs using Guid(3372b33205fc1d84daeddc5e5d2a2163) Importer(815301076,1909f56bfc062723c751e8b465ee728b)  -> (artifact id: 'ba24865c7b0f88cb543156077814da5d') in 0.046811 seconds 
  Import took 0.090283 seconds .

========================================================================
Received Prepare
Registering precompiled user dll's ...
Registered in 0.060056 seconds.
Begin MonoManager ReloadAssembly
Native extension for WindowsStandalone target not found
Native extension for WebGL target not found
Refreshing native plugins compatible for Editor in 1.18 ms, found 3 plugins.
Preloading 0 native plugins for Editor in 0.00 ms.
Mono: successfully reloaded assembly
- Completed reload, in 11.466 seconds
Domain Reload Profiling:
	ReloadAssembly (11467ms)
		BeginReloadAssembly (778ms)
			ExecutionOrderSort (0ms)
			DisableScriptedObjects (33ms)
			BackupInstance (0ms)
			ReleaseScriptingObjects (0ms)
			CreateAndSetChildDomain (207ms)
		EndReloadAssembly (10306ms)
			LoadAssemblies (767ms)
			RebuildTransferFunctionScriptingTraits (0ms)
			SetupTypeCache (4517ms)
			ReleaseScriptCaches (5ms)
			RebuildScriptCaches (544ms)
			SetupLoadedEditorAssemblies (2745ms)
				LogAssemblyErrors (0ms)
				InitializePlatformSupportModulesInManaged (55ms)
				SetLoadedEditorAssemblies (3ms)
				RefreshPlugins (1ms)
				BeforeProcessingInitializeOnLoad (1490ms)
				ProcessInitializeOnLoadAttributes (1136ms)
				ProcessInitializeOnLoadMethodAttributes (18ms)
				AfterProcessingInitializeOnLoad (42ms)
				EditorAssembliesLoaded (0ms)
			ExecutionOrderSort2 (0ms)
			AwakeInstancesAfterBackupRestoration (92ms)
Platform modules already initialized, skipping
Refreshing native plugins compatible for Editor in 1.68 ms, found 3 plugins.
Preloading 0 native plugins for Editor in 0.00 ms.
Unloading 2346 Unused Serialized files (Serialized files now loaded: 0)
System memory in use before: 99.7 MB.
System memory in use after: 99.9 MB.

Unloading 16 unused Assets to reduce memory usage. Loaded Objects now: 2816.
Total: 47.267100 ms (FindLiveObjects: 2.072600 ms CreateObjectMapping: 0.453400 ms MarkObjects: 44.177000 ms  DeleteObjects: 0.556100 ms)

AssetImportParameters requested are different than current active one (requested -> active):
  custom:framework-win-MediaFoundation: 216162199b28c13a410421893ffa2e32 -> 
  custom:video-decoder-ogg-theora: a1e56fd34408186e4bbccfd4996cb3dc -> 
  custom:container-muxer-webm: aa71ff27fc2769a1b78a27578f13a17b -> 
  custom:container-demuxer-webm: 4f35f7cbe854078d1ac9338744f61a02 -> 
  custom:container-demuxer-ogg: 62fdf1f143b41e24485cea50d1cbac27 -> 
  custom:video-encoder-webm-vp8: eb34c28f22e8b96e1ab97ce403110664 -> 
  custom:video-decoder-webm-vp8: 9c59270c3fd7afecdb556c50c9e8de78 -> 
  custom:audio-decoder-ogg-vorbis: bf7c407c2cedff20999df2af8eb42d56 -> 
  custom:audio-encoder-webm-vorbis: bf7c407c2cedff20999df2af8eb42d56 -> 
========================================================================
Received Import Request.
  Time since last request: 187.675737 seconds.
  path: Assets/Scripts/Creatures/Bosses/Gasadokuro/Attacks/CrushingLeap.cs
  artifactKey: Guid(dd586d54e7a1f8b49b9ba051304746d0) Importer(815301076,1909f56bfc062723c751e8b465ee728b)
Start importing Assets/Scripts/Creatures/Bosses/Gasadokuro/Attacks/CrushingLeap.cs using Guid(dd586d54e7a1f8b49b9ba051304746d0) Importer(815301076,1909f56bfc062723c751e8b465ee728b)  -> (artifact id: '684e32aa0ef3c7cca896c630a0d5aaa6') in 0.076465 seconds 
  Import took 0.099715 seconds .

========================================================================
Received Import Request.
  Time since last request: 1.506851 seconds.
  path: Assets/Scripts/Creatures/Bosses/Gasadokuro/Attacks/CrushingLeap.cs
  artifactKey: Guid(dd586d54e7a1f8b49b9ba051304746d0) Importer(815301076,1909f56bfc062723c751e8b465ee728b)
Start importing Assets/Scripts/Creatures/Bosses/Gasadokuro/Attacks/CrushingLeap.cs using Guid(dd586d54e7a1f8b49b9ba051304746d0) Importer(815301076,1909f56bfc062723c751e8b465ee728b)  -> (artifact id: '3c5a7c65ca7a814172050d3bda8bebcb') in 0.022032 seconds 
  Import took 0.054842 seconds .

========================================================================
Received Import Request.
  Time since last request: 153.360606 seconds.
  path: Assets/Scripts/Creatures/Bosses/Gasadokuro/Attacks/CrushingLeap.cs
  artifactKey: Guid(dd586d54e7a1f8b49b9ba051304746d0) Importer(815301076,1909f56bfc062723c751e8b465ee728b)
Start importing Assets/Scripts/Creatures/Bosses/Gasadokuro/Attacks/CrushingLeap.cs using Guid(dd586d54e7a1f8b49b9ba051304746d0) Importer(815301076,1909f56bfc062723c751e8b465ee728b)  -> (artifact id: 'ec922962889dcfe272f48fcaf9fc18d6') in 0.076326 seconds 
  Import took 0.135860 seconds .

========================================================================
Received Import Request.
  Time since last request: 28.296067 seconds.
  path: Assets/Scripts/Creatures/Bosses/Gasadokuro/Attacks/CrushingLeap.cs
  artifactKey: Guid(dd586d54e7a1f8b49b9ba051304746d0) Importer(815301076,1909f56bfc062723c751e8b465ee728b)
Start importing Assets/Scripts/Creatures/Bosses/Gasadokuro/Attacks/CrushingLeap.cs using Guid(dd586d54e7a1f8b49b9ba051304746d0) Importer(815301076,1909f56bfc062723c751e8b465ee728b)  -> (artifact id: '9b18876febf5edaf668325face988295') in 0.018102 seconds 
  Import took 0.236619 seconds .

========================================================================
Received Import Request.
  Time since last request: 318.058051 seconds.
  path: Assets/Scripts/Creatures/Bosses/Gasadokuro/Attacks/CrushingLeap.cs
  artifactKey: Guid(dd586d54e7a1f8b49b9ba051304746d0) Importer(815301076,1909f56bfc062723c751e8b465ee728b)
Start importing Assets/Scripts/Creatures/Bosses/Gasadokuro/Attacks/CrushingLeap.cs using Guid(dd586d54e7a1f8b49b9ba051304746d0) Importer(815301076,1909f56bfc062723c751e8b465ee728b)  -> (artifact id: 'f303d381dfd52d663935aaa5955e09f4') in 0.142109 seconds 
  Import took 0.194459 seconds .

========================================================================
Received Import Request.
  Time since last request: 54.203241 seconds.
  path: Assets/Scripts/Creatures/Bosses/Gasadokuro/Attacks/CrushingLeap.cs
  artifactKey: Guid(dd586d54e7a1f8b49b9ba051304746d0) Importer(815301076,1909f56bfc062723c751e8b465ee728b)
Start importing Assets/Scripts/Creatures/Bosses/Gasadokuro/Attacks/CrushingLeap.cs using Guid(dd586d54e7a1f8b49b9ba051304746d0) Importer(815301076,1909f56bfc062723c751e8b465ee728b)  -> (artifact id: 'cbd72b219dc7d868a0c31f37c8f22b25') in 0.173295 seconds 
  Import took 2.265163 seconds .

========================================================================
Received Import Request.
  Time since last request: 25.090692 seconds.
  path: Assets/Scripts/Creatures/Bosses/Gasadokuro/Attacks/CrushingLeap.cs
  artifactKey: Guid(dd586d54e7a1f8b49b9ba051304746d0) Importer(815301076,1909f56bfc062723c751e8b465ee728b)
Start importing Assets/Scripts/Creatures/Bosses/Gasadokuro/Attacks/CrushingLeap.cs using Guid(dd586d54e7a1f8b49b9ba051304746d0) Importer(815301076,1909f56bfc062723c751e8b465ee728b)  -> (artifact id: '6a5d6dcdb8cdf6b10500e8288963bee5') in 0.015371 seconds 
  Import took 0.029769 seconds .

========================================================================
Received Import Request.
  Time since last request: 204.616154 seconds.
  path: Assets/Scripts/Creatures/Bosses/Gasadokuro/Attacks/CrushingLeap.cs
  artifactKey: Guid(dd586d54e7a1f8b49b9ba051304746d0) Importer(815301076,1909f56bfc062723c751e8b465ee728b)
Start importing Assets/Scripts/Creatures/Bosses/Gasadokuro/Attacks/CrushingLeap.cs using Guid(dd586d54e7a1f8b49b9ba051304746d0) Importer(815301076,1909f56bfc062723c751e8b465ee728b)  -> (artifact id: '11d20e576b59b3e70940d641ad88f699') in 0.021852 seconds 
  Import took 0.033881 seconds .

========================================================================
Received Import Request.
  Time since last request: 110.194239 seconds.
  path: Assets/Scripts/Creatures/Bosses/Gasadokuro/Attacks/CrushingLeap.cs
  artifactKey: Guid(dd586d54e7a1f8b49b9ba051304746d0) Importer(815301076,1909f56bfc062723c751e8b465ee728b)
Start importing Assets/Scripts/Creatures/Bosses/Gasadokuro/Attacks/CrushingLeap.cs using Guid(dd586d54e7a1f8b49b9ba051304746d0) Importer(815301076,1909f56bfc062723c751e8b465ee728b)  -> (artifact id: '350a5f0a10b7eabc782549279d1d7501') in 0.062316 seconds 
  Import took 1.004234 seconds .

========================================================================
Received Import Request.
  Time since last request: 33.921772 seconds.
  path: Assets/Scripts/Creatures/Bosses/Gasadokuro/Attacks/CrushingLeap.cs
  artifactKey: Guid(dd586d54e7a1f8b49b9ba051304746d0) Importer(815301076,1909f56bfc062723c751e8b465ee728b)
Start importing Assets/Scripts/Creatures/Bosses/Gasadokuro/Attacks/CrushingLeap.cs using Guid(dd586d54e7a1f8b49b9ba051304746d0) Importer(815301076,1909f56bfc062723c751e8b465ee728b)  -> (artifact id: 'e653f0f4c7d5cd4de2574f3701f39475') in 0.011106 seconds 
  Import took 0.027414 seconds .

========================================================================
Received Prepare
Registering precompiled user dll's ...
Registered in 0.091784 seconds.
Begin MonoManager ReloadAssembly
Native extension for WindowsStandalone target not found
Native extension for WebGL target not found
Refreshing native plugins compatible for Editor in 2.07 ms, found 3 plugins.
Preloading 0 native plugins for Editor in 0.00 ms.
Mono: successfully reloaded assembly
- Completed reload, in  8.564 seconds
Domain Reload Profiling:
	ReloadAssembly (8567ms)
		BeginReloadAssembly (1311ms)
			ExecutionOrderSort (0ms)
			DisableScriptedObjects (216ms)
			BackupInstance (0ms)
			ReleaseScriptingObjects (0ms)
			CreateAndSetChildDomain (380ms)
		EndReloadAssembly (6353ms)
			LoadAssemblies (994ms)
			RebuildTransferFunctionScriptingTraits (0ms)
			SetupTypeCache (2561ms)
			ReleaseScriptCaches (2ms)
			RebuildScriptCaches (376ms)
			SetupLoadedEditorAssemblies (1924ms)
				LogAssemblyErrors (0ms)
				InitializePlatformSupportModulesInManaged (25ms)
				SetLoadedEditorAssemblies (5ms)
				RefreshPlugins (6ms)
				BeforeProcessingInitializeOnLoad (473ms)
				ProcessInitializeOnLoadAttributes (1344ms)
				ProcessInitializeOnLoadMethodAttributes (38ms)
				AfterProcessingInitializeOnLoad (34ms)
				EditorAssembliesLoaded (0ms)
			ExecutionOrderSort2 (0ms)
			AwakeInstancesAfterBackupRestoration (65ms)
Platform modules already initialized, skipping
Refreshing native plugins compatible for Editor in 1.65 ms, found 3 plugins.
Preloading 0 native plugins for Editor in 0.00 ms.
Unloading 2346 Unused Serialized files (Serialized files now loaded: 0)
System memory in use before: 99.7 MB.
System memory in use after: 99.9 MB.

Unloading 16 unused Assets to reduce memory usage. Loaded Objects now: 2819.
Total: 19.088100 ms (FindLiveObjects: 0.960400 ms CreateObjectMapping: 0.295500 ms MarkObjects: 14.927500 ms  DeleteObjects: 2.900900 ms)

AssetImportParameters requested are different than current active one (requested -> active):
  custom:framework-win-MediaFoundation: 216162199b28c13a410421893ffa2e32 -> 
  custom:video-decoder-ogg-theora: a1e56fd34408186e4bbccfd4996cb3dc -> 
  custom:container-muxer-webm: aa71ff27fc2769a1b78a27578f13a17b -> 
  custom:container-demuxer-webm: 4f35f7cbe854078d1ac9338744f61a02 -> 
  custom:container-demuxer-ogg: 62fdf1f143b41e24485cea50d1cbac27 -> 
  custom:video-encoder-webm-vp8: eb34c28f22e8b96e1ab97ce403110664 -> 
  custom:video-decoder-webm-vp8: 9c59270c3fd7afecdb556c50c9e8de78 -> 
  custom:audio-decoder-ogg-vorbis: bf7c407c2cedff20999df2af8eb42d56 -> 
  custom:audio-encoder-webm-vorbis: bf7c407c2cedff20999df2af8eb42d56 -> 
AssetImportWorkerClient::OnTransportError - code=2 error=End of file
