Using pre-set license
Built from '2020.3/staging' branch; Version is '2020.3.20f1 (41c4e627c95f) revision 4310246'; Using compiler version '192528614'; Build Type 'Release'
OS: 'Windows 10 Home Single Language; OS build 19043.1706; Version 2009; 64bit' Language: 'ru' Physical Memory: 16301 MB
BatchMode: 1, IsHumanControllingUs: 0, StartBugReporterOnCrash: 0, Is64bit: 1, IsPro: 0

COMMAND LINE ARGUMENTS:
D:\Unity\2020.3.20f1\Editor\Unity.exe
-adb2
-batchMode
-noUpm
-name
AssetImportWorker0
-projectPath
D:/2rd course game/roguelite/roguelite
-logFile
Logs/AssetImportWorker0.log
-srvPort
53383
Successfully changed project path to: D:/2rd course game/roguelite/roguelite
D:/2rd course game/roguelite/roguelite
Using Asset Import Pipeline V2.
Refreshing native plugins compatible for Editor in 66.24 ms, found 3 plugins.
Preloading 0 native plugins for Editor in 0.00 ms.
Initialize engine version: 2020.3.20f1 (41c4e627c95f)
[Subsystems] Discovering subsystems at path D:/Unity/2020.3.20f1/Editor/Data/Resources/UnitySubsystems
[Subsystems] Discovering subsystems at path D:/2rd course game/roguelite/roguelite/Assets
GfxDevice: creating device client; threaded=0
Direct3D:
    Version:  Direct3D 11.0 [level 11.1]
    Renderer: NVIDIA GeForce GTX 1050 Ti (ID=0x1c82)
    Vendor:   
    VRAM:     4018 MB
    Driver:   27.21.14.5671
Initialize mono
Mono path[0] = 'D:/Unity/2020.3.20f1/Editor/Data/Managed'
Mono path[1] = 'D:/Unity/2020.3.20f1/Editor/Data/MonoBleedingEdge/lib/mono/unityjit'
Mono config path = 'D:/Unity/2020.3.20f1/Editor/Data/MonoBleedingEdge/etc'
Using monoOptions --debugger-agent=transport=dt_socket,embedding=1,server=y,suspend=n,address=127.0.0.1:56428
Begin MonoManager ReloadAssembly
Registering precompiled unity dll's ...
Register platform support module: D:/Unity/2020.3.20f1/Editor/Data/PlaybackEngines/WebGLSupport/UnityEditor.WebGL.Extensions.dll
Register platform support module: D:/Unity/2020.3.20f1/Editor/Data/PlaybackEngines/WindowsStandaloneSupport/UnityEditor.WindowsStandalone.Extensions.dll
Registered in 0.001305 seconds.
Native extension for WindowsStandalone target not found
Native extension for WebGL target not found
Refreshing native plugins compatible for Editor in 287.33 ms, found 3 plugins.
Preloading 0 native plugins for Editor in 0.00 ms.
Mono: successfully reloaded assembly
- Completed reload, in  1.972 seconds
Domain Reload Profiling:
	ReloadAssembly (1973ms)
		BeginReloadAssembly (62ms)
			ExecutionOrderSort (0ms)
			DisableScriptedObjects (0ms)
			BackupInstance (0ms)
			ReleaseScriptingObjects (0ms)
			CreateAndSetChildDomain (1ms)
		EndReloadAssembly (891ms)
			LoadAssemblies (61ms)
			RebuildTransferFunctionScriptingTraits (0ms)
			SetupTypeCache (202ms)
			ReleaseScriptCaches (0ms)
			RebuildScriptCaches (81ms)
			SetupLoadedEditorAssemblies (492ms)
				LogAssemblyErrors (0ms)
				InitializePlatformSupportModulesInManaged (12ms)
				SetLoadedEditorAssemblies (0ms)
				RefreshPlugins (287ms)
				BeforeProcessingInitializeOnLoad (29ms)
				ProcessInitializeOnLoadAttributes (125ms)
				ProcessInitializeOnLoadMethodAttributes (37ms)
				AfterProcessingInitializeOnLoad (0ms)
				EditorAssembliesLoaded (0ms)
			ExecutionOrderSort2 (0ms)
			AwakeInstancesAfterBackupRestoration (0ms)
Platform modules already initialized, skipping
Registering precompiled user dll's ...
Registered in 0.003004 seconds.
Begin MonoManager ReloadAssembly
Native extension for WindowsStandalone target not found
Native extension for WebGL target not found
Refreshing native plugins compatible for Editor in 56.19 ms, found 3 plugins.
Preloading 0 native plugins for Editor in 0.00 ms.
Mono: successfully reloaded assembly
- Completed reload, in  3.511 seconds
Domain Reload Profiling:
	ReloadAssembly (3511ms)
		BeginReloadAssembly (167ms)
			ExecutionOrderSort (0ms)
			DisableScriptedObjects (5ms)
			BackupInstance (0ms)
			ReleaseScriptingObjects (0ms)
			CreateAndSetChildDomain (25ms)
		EndReloadAssembly (3286ms)
			LoadAssemblies (100ms)
			RebuildTransferFunctionScriptingTraits (0ms)
			SetupTypeCache (384ms)
			ReleaseScriptCaches (0ms)
			RebuildScriptCaches (69ms)
			SetupLoadedEditorAssemblies (2598ms)
				LogAssemblyErrors (0ms)
				InitializePlatformSupportModulesInManaged (6ms)
				SetLoadedEditorAssemblies (0ms)
				RefreshPlugins (56ms)
				BeforeProcessingInitializeOnLoad (155ms)
				ProcessInitializeOnLoadAttributes (2363ms)
				ProcessInitializeOnLoadMethodAttributes (15ms)
				AfterProcessingInitializeOnLoad (3ms)
				EditorAssembliesLoaded (0ms)
			ExecutionOrderSort2 (0ms)
			AwakeInstancesAfterBackupRestoration (7ms)
Platform modules already initialized, skipping
========================================================================
Worker process is ready to serve import requests
Launched and connected shader compiler UnityShaderCompiler.exe after 0.08 seconds
Refreshing native plugins compatible for Editor in 0.56 ms, found 3 plugins.
Preloading 0 native plugins for Editor in 0.00 ms.
Unloading 2363 Unused Serialized files (Serialized files now loaded: 0)
System memory in use before: 100.1 MB.
System memory in use after: 100.3 MB.

Unloading 28 unused Assets to reduce memory usage. Loaded Objects now: 2802.
Total: 3.778500 ms (FindLiveObjects: 0.236000 ms CreateObjectMapping: 0.164400 ms MarkObjects: 3.302800 ms  DeleteObjects: 0.073200 ms)

AssetImportParameters requested are different than current active one (requested -> active):
  custom:framework-win-MediaFoundation: 216162199b28c13a410421893ffa2e32 -> 
  custom:video-decoder-ogg-theora: a1e56fd34408186e4bbccfd4996cb3dc -> 
  custom:container-muxer-webm: aa71ff27fc2769a1b78a27578f13a17b -> 
  custom:container-demuxer-webm: 4f35f7cbe854078d1ac9338744f61a02 -> 
  custom:container-demuxer-ogg: 62fdf1f143b41e24485cea50d1cbac27 -> 
  custom:video-encoder-webm-vp8: eb34c28f22e8b96e1ab97ce403110664 -> 
  custom:video-decoder-webm-vp8: 9c59270c3fd7afecdb556c50c9e8de78 -> 
  custom:audio-decoder-ogg-vorbis: bf7c407c2cedff20999df2af8eb42d56 -> 
  custom:audio-encoder-webm-vorbis: bf7c407c2cedff20999df2af8eb42d56 -> 
========================================================================
Received Import Request.
  path: Assets/Scripts/Creatures/AttackSystem/Cooldown.cs
  artifactKey: Guid(e2d05e505deae9e408c777c4338ed820) Importer(815301076,1909f56bfc062723c751e8b465ee728b)
Start importing Assets/Scripts/Creatures/AttackSystem/Cooldown.cs using Guid(e2d05e505deae9e408c777c4338ed820) Importer(815301076,1909f56bfc062723c751e8b465ee728b)  -> (artifact id: '70d0db391df2f8c46b9b6ce2c7548b8a') in 0.066059 seconds 
  Import took 0.070264 seconds .

========================================================================
Received Import Request.
  Time since last request: 56.469012 seconds.
  path: Assets/Scripts/Creatures/AttackSystem/Cooldown.cs
  artifactKey: Guid(e2d05e505deae9e408c777c4338ed820) Importer(815301076,1909f56bfc062723c751e8b465ee728b)
Start importing Assets/Scripts/Creatures/AttackSystem/Cooldown.cs using Guid(e2d05e505deae9e408c777c4338ed820) Importer(815301076,1909f56bfc062723c751e8b465ee728b)  -> (artifact id: '211fea32f88b8289ab9278839ffbb131') in 0.004719 seconds 
  Import took 0.011206 seconds .

========================================================================
Received Import Request.
  Time since last request: 314.029991 seconds.
  path: Assets/Scripts/Creatures/AttackSystem/Weapons
  artifactKey: Guid(9f4f0ce6bb91c814f9ce6c117ecef70f) Importer(815301076,1909f56bfc062723c751e8b465ee728b)
Start importing Assets/Scripts/Creatures/AttackSystem/Weapons using Guid(9f4f0ce6bb91c814f9ce6c117ecef70f) Importer(815301076,1909f56bfc062723c751e8b465ee728b)  -> (artifact id: '16bd2322702b960c0843d0ac6359a78b') in 0.005298 seconds 
  Import took 0.009363 seconds .

========================================================================
Received Import Request.
  Time since last request: 1.182865 seconds.
  path: Assets/Scripts/Creatures/AttackSystem/Weapons/Effects
  artifactKey: Guid(5eac320f9e210b743942cd81be4a9614) Importer(815301076,1909f56bfc062723c751e8b465ee728b)
Start importing Assets/Scripts/Creatures/AttackSystem/Weapons/Effects using Guid(5eac320f9e210b743942cd81be4a9614) Importer(815301076,1909f56bfc062723c751e8b465ee728b)  -> (artifact id: '10013ae1e46905461f5ca322ac6364c6') in 0.004629 seconds 
  Import took 0.008229 seconds .

========================================================================
Received Import Request.
  Time since last request: 11.936442 seconds.
  path: Assets/Scripts/Creatures/AttackSystem/Weapons/Effects/CriticalStrikeEffect.cs
  artifactKey: Guid(3e666708373fa8f4d9e824d0f04f882a) Importer(815301076,1909f56bfc062723c751e8b465ee728b)
Start importing Assets/Scripts/Creatures/AttackSystem/Weapons/Effects/CriticalStrikeEffect.cs using Guid(3e666708373fa8f4d9e824d0f04f882a) Importer(815301076,1909f56bfc062723c751e8b465ee728b)  -> (artifact id: '219640225903deec51744891f45b47e0') in 0.010632 seconds 
  Import took 0.014467 seconds .

========================================================================
Received Import Request.
  Time since last request: 14.192242 seconds.
  path: Assets/Scripts/Creatures/AttackSystem/Weapons/Effects/CriticalStrikeEffect.cs
  artifactKey: Guid(3e666708373fa8f4d9e824d0f04f882a) Importer(815301076,1909f56bfc062723c751e8b465ee728b)
Start importing Assets/Scripts/Creatures/AttackSystem/Weapons/Effects/CriticalStrikeEffect.cs using Guid(3e666708373fa8f4d9e824d0f04f882a) Importer(815301076,1909f56bfc062723c751e8b465ee728b)  -> (artifact id: 'cd3feb953bab8475c1db8d884589f10b') in 0.004455 seconds 
  Import took 0.015142 seconds .

========================================================================
Received Import Request.
  Time since last request: 27.374559 seconds.
  path: Assets/Scripts/Creatures/AttackSystem/Weapons/Effects/DoubleStrikeEffect.cs
  artifactKey: Guid(9b8cf3bd7eeec6c4f96d365e0f06eb3a) Importer(815301076,1909f56bfc062723c751e8b465ee728b)
Start importing Assets/Scripts/Creatures/AttackSystem/Weapons/Effects/DoubleStrikeEffect.cs using Guid(9b8cf3bd7eeec6c4f96d365e0f06eb3a) Importer(815301076,1909f56bfc062723c751e8b465ee728b)  -> (artifact id: '5963d68082d039773e5ffe583edcefd2') in 0.011085 seconds 
  Import took 0.021624 seconds .

========================================================================
Received Import Request.
  Time since last request: 38.523255 seconds.
  path: Assets/Scripts/Creatures/AttackSystem/Weapons/Effects/FinishingEffect.cs
  artifactKey: Guid(9b77cd99df2612b4eab403796b7dc426) Importer(815301076,1909f56bfc062723c751e8b465ee728b)
Start importing Assets/Scripts/Creatures/AttackSystem/Weapons/Effects/FinishingEffect.cs using Guid(9b77cd99df2612b4eab403796b7dc426) Importer(815301076,1909f56bfc062723c751e8b465ee728b)  -> (artifact id: 'fc01b8ba26d721a3304c20f02fa064fc') in 0.008607 seconds 
  Import took 0.012119 seconds .

========================================================================
Received Prepare
Registering precompiled user dll's ...
Registered in 0.002948 seconds.
Begin MonoManager ReloadAssembly
Native extension for WindowsStandalone target not found
Native extension for WebGL target not found
Refreshing native plugins compatible for Editor in 0.53 ms, found 3 plugins.
Preloading 0 native plugins for Editor in 0.00 ms.
Mono: successfully reloaded assembly
- Completed reload, in  2.159 seconds
Domain Reload Profiling:
	ReloadAssembly (2159ms)
		BeginReloadAssembly (182ms)
			ExecutionOrderSort (0ms)
			DisableScriptedObjects (9ms)
			BackupInstance (0ms)
			ReleaseScriptingObjects (0ms)
			CreateAndSetChildDomain (51ms)
		EndReloadAssembly (1840ms)
			LoadAssemblies (580ms)
			RebuildTransferFunctionScriptingTraits (0ms)
			SetupTypeCache (444ms)
			ReleaseScriptCaches (1ms)
			RebuildScriptCaches (69ms)
			SetupLoadedEditorAssemblies (671ms)
				LogAssemblyErrors (0ms)
				InitializePlatformSupportModulesInManaged (6ms)
				SetLoadedEditorAssemblies (1ms)
				RefreshPlugins (1ms)
				BeforeProcessingInitializeOnLoad (93ms)
				ProcessInitializeOnLoadAttributes (551ms)
				ProcessInitializeOnLoadMethodAttributes (16ms)
				AfterProcessingInitializeOnLoad (3ms)
				EditorAssembliesLoaded (0ms)
			ExecutionOrderSort2 (0ms)
			AwakeInstancesAfterBackupRestoration (12ms)
Platform modules already initialized, skipping
Refreshing native plugins compatible for Editor in 0.67 ms, found 3 plugins.
Preloading 0 native plugins for Editor in 0.00 ms.
Unloading 2354 Unused Serialized files (Serialized files now loaded: 0)
System memory in use before: 99.7 MB.
System memory in use after: 99.9 MB.

Unloading 17 unused Assets to reduce memory usage. Loaded Objects now: 2806.
Total: 3.135100 ms (FindLiveObjects: 0.226000 ms CreateObjectMapping: 0.110800 ms MarkObjects: 2.774700 ms  DeleteObjects: 0.022100 ms)

AssetImportParameters requested are different than current active one (requested -> active):
  custom:framework-win-MediaFoundation: 216162199b28c13a410421893ffa2e32 -> 
  custom:video-decoder-ogg-theora: a1e56fd34408186e4bbccfd4996cb3dc -> 
  custom:container-muxer-webm: aa71ff27fc2769a1b78a27578f13a17b -> 
  custom:container-demuxer-webm: 4f35f7cbe854078d1ac9338744f61a02 -> 
  custom:container-demuxer-ogg: 62fdf1f143b41e24485cea50d1cbac27 -> 
  custom:video-encoder-webm-vp8: eb34c28f22e8b96e1ab97ce403110664 -> 
  custom:video-decoder-webm-vp8: 9c59270c3fd7afecdb556c50c9e8de78 -> 
  custom:audio-decoder-ogg-vorbis: bf7c407c2cedff20999df2af8eb42d56 -> 
  custom:audio-encoder-webm-vorbis: bf7c407c2cedff20999df2af8eb42d56 -> 
AssetImportWorkerClient::OnTransportError - code=2 error=End of file
