Using pre-set license
Built from '2020.3/staging' branch; Version is '2020.3.20f1 (41c4e627c95f) revision 4310246'; Using compiler version '192528614'; Build Type 'Release'
OS: 'Windows 10 Pro for Workstations; OS build 19044.1706; Version 2009; 64bit' Language: 'ru' Physical Memory: 7993 MB
BatchMode: 1, IsHumanControllingUs: 0, StartBugReporterOnCrash: 0, Is64bit: 1, IsPro: 0

COMMAND LINE ARGUMENTS:
C:\Program Files\Unity\Hub\Editor\2020.3.20f1\Editor\Unity.exe
-adb2
-batchMode
-noUpm
-name
AssetImportWorker0
-projectPath
C:/Users/Alex/Documents/GitHub/roguelite/roguelite
-logFile
Logs/AssetImportWorker0.log
-srvPort
65255
Successfully changed project path to: C:/Users/Alex/Documents/GitHub/roguelite/roguelite
C:/Users/Alex/Documents/GitHub/roguelite/roguelite
Using Asset Import Pipeline V2.
Refreshing native plugins compatible for Editor in 112.76 ms, found 3 plugins.
Preloading 0 native plugins for Editor in 0.00 ms.
Initialize engine version: 2020.3.20f1 (41c4e627c95f)
[Subsystems] Discovering subsystems at path C:/Program Files/Unity/Hub/Editor/2020.3.20f1/Editor/Data/Resources/UnitySubsystems
[Subsystems] Discovering subsystems at path C:/Users/Alex/Documents/GitHub/roguelite/roguelite/Assets
GfxDevice: creating device client; threaded=0
Direct3D:
    Version:  Direct3D 11.0 [level 11.1]
    Renderer: NVIDIA GeForce GTX 1650 (ID=0x1f99)
    Vendor:   
    VRAM:     3962 MB
    Driver:   30.0.15.1179
Initialize mono
Mono path[0] = 'C:/Program Files/Unity/Hub/Editor/2020.3.20f1/Editor/Data/Managed'
Mono path[1] = 'C:/Program Files/Unity/Hub/Editor/2020.3.20f1/Editor/Data/MonoBleedingEdge/lib/mono/unityjit'
Mono config path = 'C:/Program Files/Unity/Hub/Editor/2020.3.20f1/Editor/Data/MonoBleedingEdge/etc'
Using monoOptions --debugger-agent=transport=dt_socket,embedding=1,server=y,suspend=n,address=127.0.0.1:56692
Begin MonoManager ReloadAssembly
Registering precompiled unity dll's ...
Register platform support module: C:/Program Files/Unity/Hub/Editor/2020.3.20f1/Editor/Data/PlaybackEngines/WindowsStandaloneSupport/UnityEditor.WindowsStandalone.Extensions.dll
Registered in 0.003728 seconds.
Native extension for WindowsStandalone target not found
Refreshing native plugins compatible for Editor in 63.85 ms, found 3 plugins.
Preloading 0 native plugins for Editor in 0.00 ms.
Mono: successfully reloaded assembly
- Completed reload, in  5.254 seconds
Domain Reload Profiling:
	ReloadAssembly (5255ms)
		BeginReloadAssembly (104ms)
			ExecutionOrderSort (0ms)
			DisableScriptedObjects (0ms)
			BackupInstance (0ms)
			ReleaseScriptingObjects (0ms)
			CreateAndSetChildDomain (1ms)
		EndReloadAssembly (496ms)
			LoadAssemblies (101ms)
			RebuildTransferFunctionScriptingTraits (0ms)
			SetupTypeCache (177ms)
			ReleaseScriptCaches (0ms)
			RebuildScriptCaches (31ms)
			SetupLoadedEditorAssemblies (207ms)
				LogAssemblyErrors (0ms)
				InitializePlatformSupportModulesInManaged (4ms)
				SetLoadedEditorAssemblies (0ms)
				RefreshPlugins (64ms)
				BeforeProcessingInitializeOnLoad (21ms)
				ProcessInitializeOnLoadAttributes (86ms)
				ProcessInitializeOnLoadMethodAttributes (32ms)
				AfterProcessingInitializeOnLoad (0ms)
				EditorAssembliesLoaded (0ms)
			ExecutionOrderSort2 (0ms)
			AwakeInstancesAfterBackupRestoration (0ms)
Platform modules already initialized, skipping
Registering precompiled user dll's ...
Registered in 0.015575 seconds.
Begin MonoManager ReloadAssembly
Native extension for WindowsStandalone target not found
Refreshing native plugins compatible for Editor in 99.95 ms, found 3 plugins.
Preloading 0 native plugins for Editor in 0.00 ms.
Mono: successfully reloaded assembly
- Completed reload, in  1.587 seconds
Domain Reload Profiling:
	ReloadAssembly (1589ms)
		BeginReloadAssembly (193ms)
			ExecutionOrderSort (0ms)
			DisableScriptedObjects (5ms)
			BackupInstance (0ms)
			ReleaseScriptingObjects (0ms)
			CreateAndSetChildDomain (22ms)
		EndReloadAssembly (1308ms)
			LoadAssemblies (192ms)
			RebuildTransferFunctionScriptingTraits (0ms)
			SetupTypeCache (409ms)
			ReleaseScriptCaches (1ms)
			RebuildScriptCaches (62ms)
			SetupLoadedEditorAssemblies (496ms)
				LogAssemblyErrors (0ms)
				InitializePlatformSupportModulesInManaged (6ms)
				SetLoadedEditorAssemblies (0ms)
				RefreshPlugins (100ms)
				BeforeProcessingInitializeOnLoad (109ms)
				ProcessInitializeOnLoadAttributes (255ms)
				ProcessInitializeOnLoadMethodAttributes (20ms)
				AfterProcessingInitializeOnLoad (5ms)
				EditorAssembliesLoaded (0ms)
			ExecutionOrderSort2 (0ms)
			AwakeInstancesAfterBackupRestoration (18ms)
Platform modules already initialized, skipping
========================================================================
Worker process is ready to serve import requests
Launched and connected shader compiler UnityShaderCompiler.exe after 0.17 seconds
Refreshing native plugins compatible for Editor in 1.19 ms, found 3 plugins.
Preloading 0 native plugins for Editor in 0.00 ms.
Unloading 2417 Unused Serialized files (Serialized files now loaded: 0)
System memory in use before: 103.7 MB.
System memory in use after: 103.9 MB.

Unloading 28 unused Assets to reduce memory usage. Loaded Objects now: 2856.
Total: 3.833700 ms (FindLiveObjects: 0.309700 ms CreateObjectMapping: 0.215300 ms MarkObjects: 3.189600 ms  DeleteObjects: 0.117600 ms)

AssetImportParameters requested are different than current active one (requested -> active):
  custom:framework-win-MediaFoundation: 216162199b28c13a410421893ffa2e32 -> 
  custom:video-decoder-ogg-theora: a1e56fd34408186e4bbccfd4996cb3dc -> 
  custom:container-muxer-webm: aa71ff27fc2769a1b78a27578f13a17b -> 
  custom:container-demuxer-webm: 4f35f7cbe854078d1ac9338744f61a02 -> 
  custom:container-demuxer-ogg: 62fdf1f143b41e24485cea50d1cbac27 -> 
  custom:video-encoder-webm-vp8: eb34c28f22e8b96e1ab97ce403110664 -> 
  custom:video-decoder-webm-vp8: 9c59270c3fd7afecdb556c50c9e8de78 -> 
  custom:audio-decoder-ogg-vorbis: bf7c407c2cedff20999df2af8eb42d56 -> 
  custom:audio-encoder-webm-vorbis: bf7c407c2cedff20999df2af8eb42d56 -> 
========================================================================
Received Import Request.
  path: Assets/Scripts
  artifactKey: Guid(832fc576c4d4a574bb677db8f3c8cb5c) Importer(815301076,1909f56bfc062723c751e8b465ee728b)
Start importing Assets/Scripts using Guid(832fc576c4d4a574bb677db8f3c8cb5c) Importer(815301076,1909f56bfc062723c751e8b465ee728b)  -> (artifact id: '25ef16e0d2a4cae4fcb8078405e9f1df') in 0.028824 seconds 
  Import took 0.038131 seconds .

========================================================================
Received Prepare
Registering precompiled user dll's ...
Registered in 0.002727 seconds.
Begin MonoManager ReloadAssembly
Native extension for WindowsStandalone target not found
Refreshing native plugins compatible for Editor in 0.61 ms, found 3 plugins.
Preloading 0 native plugins for Editor in 0.00 ms.
Mono: successfully reloaded assembly
- Completed reload, in  1.071 seconds
Domain Reload Profiling:
	ReloadAssembly (1072ms)
		BeginReloadAssembly (116ms)
			ExecutionOrderSort (0ms)
			DisableScriptedObjects (8ms)
			BackupInstance (0ms)
			ReleaseScriptingObjects (0ms)
			CreateAndSetChildDomain (37ms)
		EndReloadAssembly (897ms)
			LoadAssemblies (93ms)
			RebuildTransferFunctionScriptingTraits (0ms)
			SetupTypeCache (380ms)
			ReleaseScriptCaches (1ms)
			RebuildScriptCaches (40ms)
			SetupLoadedEditorAssemblies (292ms)
				LogAssemblyErrors (0ms)
				InitializePlatformSupportModulesInManaged (4ms)
				SetLoadedEditorAssemblies (0ms)
				RefreshPlugins (1ms)
				BeforeProcessingInitializeOnLoad (80ms)
				ProcessInitializeOnLoadAttributes (193ms)
				ProcessInitializeOnLoadMethodAttributes (7ms)
				AfterProcessingInitializeOnLoad (5ms)
				EditorAssembliesLoaded (0ms)
			ExecutionOrderSort2 (0ms)
			AwakeInstancesAfterBackupRestoration (9ms)
Platform modules already initialized, skipping
Refreshing native plugins compatible for Editor in 0.65 ms, found 3 plugins.
Preloading 0 native plugins for Editor in 0.00 ms.
Unloading 2409 Unused Serialized files (Serialized files now loaded: 0)
System memory in use before: 102.5 MB.
System memory in use after: 102.7 MB.

Unloading 16 unused Assets to reduce memory usage. Loaded Objects now: 2874.
Total: 3.328700 ms (FindLiveObjects: 0.260500 ms CreateObjectMapping: 0.165000 ms MarkObjects: 2.882700 ms  DeleteObjects: 0.019300 ms)

AssetImportParameters requested are different than current active one (requested -> active):
  custom:framework-win-MediaFoundation: 216162199b28c13a410421893ffa2e32 -> 
  custom:video-decoder-ogg-theora: a1e56fd34408186e4bbccfd4996cb3dc -> 
  custom:container-muxer-webm: aa71ff27fc2769a1b78a27578f13a17b -> 
  custom:container-demuxer-webm: 4f35f7cbe854078d1ac9338744f61a02 -> 
  custom:container-demuxer-ogg: 62fdf1f143b41e24485cea50d1cbac27 -> 
  custom:video-encoder-webm-vp8: eb34c28f22e8b96e1ab97ce403110664 -> 
  custom:video-decoder-webm-vp8: 9c59270c3fd7afecdb556c50c9e8de78 -> 
  custom:audio-decoder-ogg-vorbis: bf7c407c2cedff20999df2af8eb42d56 -> 
  custom:audio-encoder-webm-vorbis: bf7c407c2cedff20999df2af8eb42d56 -> 
========================================================================
Received Import Request.
  Time since last request: 59.516196 seconds.
  path: Assets/Resources
  artifactKey: Guid(aa940630f2243664ebda4fedf52a26b7) Importer(815301076,1909f56bfc062723c751e8b465ee728b)
Start importing Assets/Resources using Guid(aa940630f2243664ebda4fedf52a26b7) Importer(815301076,1909f56bfc062723c751e8b465ee728b)  -> (artifact id: 'c41b2b365cd456e5a45da80f2739bd4f') in 0.009489 seconds 
  Import took 0.014273 seconds .

========================================================================
Received Import Request.
  Time since last request: 0.038646 seconds.
  path: Assets/Resources/AttacksDatabase.asset
  artifactKey: Guid(75f8e2cb74a01674cbf28dd3266de646) Importer(815301076,1909f56bfc062723c751e8b465ee728b)
Start importing Assets/Resources/AttacksDatabase.asset using Guid(75f8e2cb74a01674cbf28dd3266de646) Importer(815301076,1909f56bfc062723c751e8b465ee728b) Diagnostics callstack to track who triggered the sub-import:
0x00007ff66a7f66b2 (Unity) ImporterAssetResolver::ResolveAsset
0x00007ff66a7c1cd2 (Unity) ResolveArtifactV2
0x00007ff66a787cbd (Unity) GUIDPersistentManagerV2::PathIDToPathNameInternal
0x00007ff66900bd44 (Unity) PersistentManager::GetStreamNameSpaceInternal
0x00007ff66900b285 (Unity) PersistentManager::GetSerializedFileIfObjectAvailable
0x00007ff6690103c9 (Unity) PersistentManager::PreallocateObjectThreaded
0x00007ff668f0e524 (Unity) TransferPPtrToMonoObject
0x00007ff668fafa34 (Unity) TransferField_NonArray<YAMLRead,Converter_UnityEngineObject>
0x00007ff668fd3ac2 (Unity) Transfer_UnityEngineObject<YAMLRead,0>
0x00007ff6677ade26 (Unity) ExecuteSerializationCommands<ConfigSettingsRead>
0x00007ff668fb9a8d (Unity) YAMLRead::TransferSTLStyleArray<ArrayOfManagedObjectsTransferer>
0x00007ff668fd1fd9 (Unity) Transfer_ManagedObject<YAMLRead,1>
0x00007ff668fac078 (Unity) TransferField_LinearCollection<SafeBinaryRead>
0x00007ff6677ade26 (Unity) ExecuteSerializationCommands<ConfigSettingsRead>
0x00007ff668fd21e6 (Unity) Transfer_ManagedObject<YAMLRead,0>
0x00007ff668a4f5e6 (Unity) ExecuteSerializationCommands<SafeBinaryRead>
0x00007ff668a56d0c (Unity) TransferScriptingObject<YAMLRead,0>
0x00007ff668a5590f (Unity) SerializableManagedRefTransfer::TransferMonoInstance<YAMLRead>
0x00007ff668f31339 (Unity) MonoBehaviour::VirtualRedirectTransfer
0x00007ff66904d64d (Unity) SerializedFile::ReadObject
0x00007ff669010a56 (Unity) PersistentManager::ReadAndActivateObjectThreaded
0x00007ff669010fb9 (Unity) PersistentManager::ReadObjectThreaded
0x00007ff669010d6a (Unity) PersistentManager::ReadObject
0x00007ff66a6f2bc1 (Unity) WritePreviews
0x00007ff66a6eca8e (Unity) PreviewImporter::GenerateAssetData
0x00007ff66a7e1a59 (Unity) ImportToObjects
0x00007ff66a7e0a98 (Unity) ImportAsset
0x00007ff66a7427f8 (Unity) AssetImportWorker::Import
0x00007ff66a795b8a (Unity) <lambda_7448d646502792db0127dc89657ec83e>::operator()
0x00007ff66a83a262 (Unity) asio::detail::completion_handler<core::mutable_function<void __cdecl(void)> >::do_complete
0x00007ff66a83c3c0 (Unity) asio::detail::win_iocp_io_service::do_one
0x00007ff66a83fb4e (Unity) asio::io_service::run
0x00007ff66a7c29eb (Unity) RunAssetImportWorkerClientV2
0x00007ff66a7c2a40 (Unity) RunAssetImporterV2
0x00007ff669c86616 (Unity) Application::InitializeProject
0x00007ff66a631b22 (Unity) WinMain
0x00007ff66c4892b6 (Unity) __scrt_common_main_seh
0x00007ffab8727034 (KERNEL32) BaseThreadInitThunk
0x00007ffaba142651 (ntdll) RtlUserThreadStart

Requesting import of Guid(2b359a194bd9e6048b35e63e98deb505) Importer(-1,00000000000000000000000000000000), Assets/Resources/Prefabs/Weapons/Attacks/SpearLunge.prefab from editor
Resuming Guid(2b359a194bd9e6048b35e63e98deb505) Importer(-1,00000000000000000000000000000000) -> 933965a12908f4fa2b9c600c089a9fa2 
Assertion failed on expression: 'state.state == kUpToDate'
Assertion failed on expression: 'state.artifactID == result'
Diagnostics callstack to track who triggered the sub-import:
0x00007ff66a7f66b2 (Unity) ImporterAssetResolver::ResolveAsset
0x00007ff66a7c1cd2 (Unity) ResolveArtifactV2
0x00007ff66a787cbd (Unity) GUIDPersistentManagerV2::PathIDToPathNameInternal
0x00007ff66900bd44 (Unity) PersistentManager::GetStreamNameSpaceInternal
0x00007ff66900b285 (Unity) PersistentManager::GetSerializedFileIfObjectAvailable
0x00007ff6690103c9 (Unity) PersistentManager::PreallocateObjectThreaded
0x00007ff668f0e524 (Unity) TransferPPtrToMonoObject
0x00007ff668fafa34 (Unity) TransferField_NonArray<YAMLRead,Converter_UnityEngineObject>
0x00007ff668fd3ac2 (Unity) Transfer_UnityEngineObject<YAMLRead,0>
0x00007ff6677ade26 (Unity) ExecuteSerializationCommands<ConfigSettingsRead>
0x00007ff668fb9a8d (Unity) YAMLRead::TransferSTLStyleArray<ArrayOfManagedObjectsTransferer>
0x00007ff668fd1fd9 (Unity) Transfer_ManagedObject<YAMLRead,1>
0x00007ff668fac078 (Unity) TransferField_LinearCollection<SafeBinaryRead>
0x00007ff6677ade26 (Unity) ExecuteSerializationCommands<ConfigSettingsRead>
0x00007ff668fd21e6 (Unity) Transfer_ManagedObject<YAMLRead,0>
0x00007ff668a4f5e6 (Unity) ExecuteSerializationCommands<SafeBinaryRead>
0x00007ff668a56d0c (Unity) TransferScriptingObject<YAMLRead,0>
0x00007ff668a5590f (Unity) SerializableManagedRefTransfer::TransferMonoInstance<YAMLRead>
0x00007ff668f31339 (Unity) MonoBehaviour::VirtualRedirectTransfer
0x00007ff66904d64d (Unity) SerializedFile::ReadObject
0x00007ff669010a56 (Unity) PersistentManager::ReadAndActivateObjectThreaded
0x00007ff669010fb9 (Unity) PersistentManager::ReadObjectThreaded
0x00007ff669010d6a (Unity) PersistentManager::ReadObject
0x00007ff66a6f2bc1 (Unity) WritePreviews
0x00007ff66a6eca8e (Unity) PreviewImporter::GenerateAssetData
0x00007ff66a7e1a59 (Unity) ImportToObjects
0x00007ff66a7e0a98 (Unity) ImportAsset
0x00007ff66a7427f8 (Unity) AssetImportWorker::Import
0x00007ff66a795b8a (Unity) <lambda_7448d646502792db0127dc89657ec83e>::operator()
0x00007ff66a83a262 (Unity) asio::detail::completion_handler<core::mutable_function<void __cdecl(void)> >::do_complete
0x00007ff66a83c3c0 (Unity) asio::detail::win_iocp_io_service::do_one
0x00007ff66a83fb4e (Unity) asio::io_service::run
0x00007ff66a7c29eb (Unity) RunAssetImportWorkerClientV2
0x00007ff66a7c2a40 (Unity) RunAssetImporterV2
0x00007ff669c86616 (Unity) Application::InitializeProject
0x00007ff66a631b22 (Unity) WinMain
0x00007ff66c4892b6 (Unity) __scrt_common_main_seh
0x00007ffab8727034 (KERNEL32) BaseThreadInitThunk
0x00007ffaba142651 (ntdll) RtlUserThreadStart

Requesting import of Guid(6adab1ce7de731149aebe5cfa8a4c372) Importer(-1,00000000000000000000000000000000), Assets/Resources/Prefabs/Weapons/Attacks/BowShoot.prefab from editor
Resuming Guid(6adab1ce7de731149aebe5cfa8a4c372) Importer(-1,00000000000000000000000000000000) -> 18a73bad3b43bf44b104ed7271b597b0 
Assertion failed on expression: 'state.state == kUpToDate'
Assertion failed on expression: 'state.artifactID == result'
 -> (artifact id: '356b849289964f997bf5fbe1e5c01e01') in 1.758526 seconds 
  Import took 1.763265 seconds .

========================================================================
Received Import Request.
  Time since last request: 0.000201 seconds.
  path: Assets/Resources/EffectsDatabase.asset
  artifactKey: Guid(3af88ab221576fd46b8f6028d7c6bbdd) Importer(815301076,1909f56bfc062723c751e8b465ee728b)
Start importing Assets/Resources/EffectsDatabase.asset using Guid(3af88ab221576fd46b8f6028d7c6bbdd) Importer(815301076,1909f56bfc062723c751e8b465ee728b)  -> (artifact id: '2362db343101919d027c27f26b3758df') in 0.013205 seconds 
  Import took 0.019977 seconds .

========================================================================
Received Import Request.
  Time since last request: 0.000354 seconds.
  path: Assets/Resources/WeaponsDatabase.asset
  artifactKey: Guid(67cf928e20874e145a3077a577176543) Importer(815301076,1909f56bfc062723c751e8b465ee728b)
Start importing Assets/Resources/WeaponsDatabase.asset using Guid(67cf928e20874e145a3077a577176543) Importer(815301076,1909f56bfc062723c751e8b465ee728b) Diagnostics callstack to track who triggered the sub-import:
0x00007ff66a7f66b2 (Unity) ImporterAssetResolver::ResolveAsset
0x00007ff66a7c1cd2 (Unity) ResolveArtifactV2
0x00007ff66a787cbd (Unity) GUIDPersistentManagerV2::PathIDToPathNameInternal
0x00007ff66900bd44 (Unity) PersistentManager::GetStreamNameSpaceInternal
0x00007ff66900b285 (Unity) PersistentManager::GetSerializedFileIfObjectAvailable
0x00007ff6690103c9 (Unity) PersistentManager::PreallocateObjectThreaded
0x00007ff668f0e524 (Unity) TransferPPtrToMonoObject
0x00007ff668fafa34 (Unity) TransferField_NonArray<YAMLRead,Converter_UnityEngineObject>
0x00007ff668fd3ac2 (Unity) Transfer_UnityEngineObject<YAMLRead,0>
0x00007ff6677ade26 (Unity) ExecuteSerializationCommands<ConfigSettingsRead>
0x00007ff668fb9a8d (Unity) YAMLRead::TransferSTLStyleArray<ArrayOfManagedObjectsTransferer>
0x00007ff668fd1fd9 (Unity) Transfer_ManagedObject<YAMLRead,1>
0x00007ff668fac078 (Unity) TransferField_LinearCollection<SafeBinaryRead>
0x00007ff6677ade26 (Unity) ExecuteSerializationCommands<ConfigSettingsRead>
0x00007ff668fd21e6 (Unity) Transfer_ManagedObject<YAMLRead,0>
0x00007ff668a4f5e6 (Unity) ExecuteSerializationCommands<SafeBinaryRead>
0x00007ff668a56d0c (Unity) TransferScriptingObject<YAMLRead,0>
0x00007ff668a5590f (Unity) SerializableManagedRefTransfer::TransferMonoInstance<YAMLRead>
0x00007ff668f31339 (Unity) MonoBehaviour::VirtualRedirectTransfer
0x00007ff66904d64d (Unity) SerializedFile::ReadObject
0x00007ff669010a56 (Unity) PersistentManager::ReadAndActivateObjectThreaded
0x00007ff669010fb9 (Unity) PersistentManager::ReadObjectThreaded
0x00007ff669010d6a (Unity) PersistentManager::ReadObject
0x00007ff66a6f2bc1 (Unity) WritePreviews
0x00007ff66a6eca8e (Unity) PreviewImporter::GenerateAssetData
0x00007ff66a7e1a59 (Unity) ImportToObjects
0x00007ff66a7e0a98 (Unity) ImportAsset
0x00007ff66a7427f8 (Unity) AssetImportWorker::Import
0x00007ff66a795b8a (Unity) <lambda_7448d646502792db0127dc89657ec83e>::operator()
0x00007ff66a83a262 (Unity) asio::detail::completion_handler<core::mutable_function<void __cdecl(void)> >::do_complete
0x00007ff66a83c3c0 (Unity) asio::detail::win_iocp_io_service::do_one
0x00007ff66a83fb4e (Unity) asio::io_service::run
0x00007ff66a7c29eb (Unity) RunAssetImportWorkerClientV2
0x00007ff66a7c2a40 (Unity) RunAssetImporterV2
0x00007ff669c86616 (Unity) Application::InitializeProject
0x00007ff66a631b22 (Unity) WinMain
0x00007ff66c4892b6 (Unity) __scrt_common_main_seh
0x00007ffab8727034 (KERNEL32) BaseThreadInitThunk
0x00007ffaba142651 (ntdll) RtlUserThreadStart

Requesting import of Guid(20ed170209dea6f469b0b62e3afc8c4c) Importer(-1,00000000000000000000000000000000), Assets/Resources/Prefabs/Weapons/SkeletonWeapon.prefab from editor
Resuming Guid(20ed170209dea6f469b0b62e3afc8c4c) Importer(-1,00000000000000000000000000000000) -> 686a38e588d25c3afa0af168cad9faf3 
Assertion failed on expression: 'state.state == kUpToDate'
Assertion failed on expression: 'state.artifactID == result'
Diagnostics callstack to track who triggered the sub-import:
0x00007ff66a7f66b2 (Unity) ImporterAssetResolver::ResolveAsset
0x00007ff66a7c1cd2 (Unity) ResolveArtifactV2
0x00007ff66a787cbd (Unity) GUIDPersistentManagerV2::PathIDToPathNameInternal
0x00007ff66900bd44 (Unity) PersistentManager::GetStreamNameSpaceInternal
0x00007ff66900b285 (Unity) PersistentManager::GetSerializedFileIfObjectAvailable
0x00007ff6690103c9 (Unity) PersistentManager::PreallocateObjectThreaded
0x00007ff668f0e524 (Unity) TransferPPtrToMonoObject
0x00007ff668fafa34 (Unity) TransferField_NonArray<YAMLRead,Converter_UnityEngineObject>
0x00007ff668fd3ac2 (Unity) Transfer_UnityEngineObject<YAMLRead,0>
0x00007ff6677ade26 (Unity) ExecuteSerializationCommands<ConfigSettingsRead>
0x00007ff668fb9a8d (Unity) YAMLRead::TransferSTLStyleArray<ArrayOfManagedObjectsTransferer>
0x00007ff668fd1fd9 (Unity) Transfer_ManagedObject<YAMLRead,1>
0x00007ff668fac078 (Unity) TransferField_LinearCollection<SafeBinaryRead>
0x00007ff6677ade26 (Unity) ExecuteSerializationCommands<ConfigSettingsRead>
0x00007ff668fd21e6 (Unity) Transfer_ManagedObject<YAMLRead,0>
0x00007ff668a4f5e6 (Unity) ExecuteSerializationCommands<SafeBinaryRead>
0x00007ff668a56d0c (Unity) TransferScriptingObject<YAMLRead,0>
0x00007ff668a5590f (Unity) SerializableManagedRefTransfer::TransferMonoInstance<YAMLRead>
0x00007ff668f31339 (Unity) MonoBehaviour::VirtualRedirectTransfer
0x00007ff66904d64d (Unity) SerializedFile::ReadObject
0x00007ff669010a56 (Unity) PersistentManager::ReadAndActivateObjectThreaded
0x00007ff669010fb9 (Unity) PersistentManager::ReadObjectThreaded
0x00007ff669010d6a (Unity) PersistentManager::ReadObject
0x00007ff66a6f2bc1 (Unity) WritePreviews
0x00007ff66a6eca8e (Unity) PreviewImporter::GenerateAssetData
0x00007ff66a7e1a59 (Unity) ImportToObjects
0x00007ff66a7e0a98 (Unity) ImportAsset
0x00007ff66a7427f8 (Unity) AssetImportWorker::Import
0x00007ff66a795b8a (Unity) <lambda_7448d646502792db0127dc89657ec83e>::operator()
0x00007ff66a83a262 (Unity) asio::detail::completion_handler<core::mutable_function<void __cdecl(void)> >::do_complete
0x00007ff66a83c3c0 (Unity) asio::detail::win_iocp_io_service::do_one
0x00007ff66a83fb4e (Unity) asio::io_service::run
0x00007ff66a7c29eb (Unity) RunAssetImportWorkerClientV2
0x00007ff66a7c2a40 (Unity) RunAssetImporterV2
0x00007ff669c86616 (Unity) Application::InitializeProject
0x00007ff66a631b22 (Unity) WinMain
0x00007ff66c4892b6 (Unity) __scrt_common_main_seh
0x00007ffab8727034 (KERNEL32) BaseThreadInitThunk
0x00007ffaba142651 (ntdll) RtlUserThreadStart

Requesting import of Guid(4a2a4a2762844e34788403b88f3e2b1c) Importer(-1,00000000000000000000000000000000), Assets/Resources/Prefabs/Weapons/SpearWeapon.prefab from editor
Resuming Guid(4a2a4a2762844e34788403b88f3e2b1c) Importer(-1,00000000000000000000000000000000) -> 4122dee249a60ce33f99575eee13d4a7 
Assertion failed on expression: 'state.state == kUpToDate'
Assertion failed on expression: 'state.artifactID == result'
Diagnostics callstack to track who triggered the sub-import:
0x00007ff66a7f66b2 (Unity) ImporterAssetResolver::ResolveAsset
0x00007ff66a7c1cd2 (Unity) ResolveArtifactV2
0x00007ff66a787cbd (Unity) GUIDPersistentManagerV2::PathIDToPathNameInternal
0x00007ff66900bd44 (Unity) PersistentManager::GetStreamNameSpaceInternal
0x00007ff66900b285 (Unity) PersistentManager::GetSerializedFileIfObjectAvailable
0x00007ff6690103c9 (Unity) PersistentManager::PreallocateObjectThreaded
0x00007ff668f0e524 (Unity) TransferPPtrToMonoObject
0x00007ff668fafa34 (Unity) TransferField_NonArray<YAMLRead,Converter_UnityEngineObject>
0x00007ff668fd3ac2 (Unity) Transfer_UnityEngineObject<YAMLRead,0>
0x00007ff6677ade26 (Unity) ExecuteSerializationCommands<ConfigSettingsRead>
0x00007ff668fb9a8d (Unity) YAMLRead::TransferSTLStyleArray<ArrayOfManagedObjectsTransferer>
0x00007ff668fd1fd9 (Unity) Transfer_ManagedObject<YAMLRead,1>
0x00007ff668fac078 (Unity) TransferField_LinearCollection<SafeBinaryRead>
0x00007ff6677ade26 (Unity) ExecuteSerializationCommands<ConfigSettingsRead>
0x00007ff668fd21e6 (Unity) Transfer_ManagedObject<YAMLRead,0>
0x00007ff668a4f5e6 (Unity) ExecuteSerializationCommands<SafeBinaryRead>
0x00007ff668a56d0c (Unity) TransferScriptingObject<YAMLRead,0>
0x00007ff668a5590f (Unity) SerializableManagedRefTransfer::TransferMonoInstance<YAMLRead>
0x00007ff668f31339 (Unity) MonoBehaviour::VirtualRedirectTransfer
0x00007ff66904d64d (Unity) SerializedFile::ReadObject
0x00007ff669010a56 (Unity) PersistentManager::ReadAndActivateObjectThreaded
0x00007ff669010fb9 (Unity) PersistentManager::ReadObjectThreaded
0x00007ff669010d6a (Unity) PersistentManager::ReadObject
0x00007ff66a6f2bc1 (Unity) WritePreviews
0x00007ff66a6eca8e (Unity) PreviewImporter::GenerateAssetData
0x00007ff66a7e1a59 (Unity) ImportToObjects
0x00007ff66a7e0a98 (Unity) ImportAsset
0x00007ff66a7427f8 (Unity) AssetImportWorker::Import
0x00007ff66a795b8a (Unity) <lambda_7448d646502792db0127dc89657ec83e>::operator()
0x00007ff66a83a262 (Unity) asio::detail::completion_handler<core::mutable_function<void __cdecl(void)> >::do_complete
0x00007ff66a83c3c0 (Unity) asio::detail::win_iocp_io_service::do_one
0x00007ff66a83fb4e (Unity) asio::io_service::run
0x00007ff66a7c29eb (Unity) RunAssetImportWorkerClientV2
0x00007ff66a7c2a40 (Unity) RunAssetImporterV2
0x00007ff669c86616 (Unity) Application::InitializeProject
0x00007ff66a631b22 (Unity) WinMain
0x00007ff66c4892b6 (Unity) __scrt_common_main_seh
0x00007ffab8727034 (KERNEL32) BaseThreadInitThunk
0x00007ffaba142651 (ntdll) RtlUserThreadStart

Requesting import of Guid(84e5bf969732c0249adc394c16696b5a) Importer(-1,00000000000000000000000000000000), Assets/Resources/Prefabs/Weapons/ArcherWeapon.prefab from editor
Resuming Guid(84e5bf969732c0249adc394c16696b5a) Importer(-1,00000000000000000000000000000000) -> 6f703fe66e147b77f96ecd17ac7db606 
Assertion failed on expression: 'state.state == kUpToDate'
Assertion failed on expression: 'state.artifactID == result'
Diagnostics callstack to track who triggered the sub-import:
0x00007ff66a7f66b2 (Unity) ImporterAssetResolver::ResolveAsset
0x00007ff66a7c1cd2 (Unity) ResolveArtifactV2
0x00007ff66a787cbd (Unity) GUIDPersistentManagerV2::PathIDToPathNameInternal
0x00007ff66900bd44 (Unity) PersistentManager::GetStreamNameSpaceInternal
0x00007ff66900b285 (Unity) PersistentManager::GetSerializedFileIfObjectAvailable
0x00007ff6690103c9 (Unity) PersistentManager::PreallocateObjectThreaded
0x00007ff668f0e524 (Unity) TransferPPtrToMonoObject
0x00007ff668fafa34 (Unity) TransferField_NonArray<YAMLRead,Converter_UnityEngineObject>
0x00007ff668fd3ac2 (Unity) Transfer_UnityEngineObject<YAMLRead,0>
0x00007ff6677ade26 (Unity) ExecuteSerializationCommands<ConfigSettingsRead>
0x00007ff668fb9a8d (Unity) YAMLRead::TransferSTLStyleArray<ArrayOfManagedObjectsTransferer>
0x00007ff668fd1fd9 (Unity) Transfer_ManagedObject<YAMLRead,1>
0x00007ff668fac078 (Unity) TransferField_LinearCollection<SafeBinaryRead>
0x00007ff6677ade26 (Unity) ExecuteSerializationCommands<ConfigSettingsRead>
0x00007ff668fd21e6 (Unity) Transfer_ManagedObject<YAMLRead,0>
0x00007ff668a4f5e6 (Unity) ExecuteSerializationCommands<SafeBinaryRead>
0x00007ff668a56d0c (Unity) TransferScriptingObject<YAMLRead,0>
0x00007ff668a5590f (Unity) SerializableManagedRefTransfer::TransferMonoInstance<YAMLRead>
0x00007ff668f31339 (Unity) MonoBehaviour::VirtualRedirectTransfer
0x00007ff66904d64d (Unity) SerializedFile::ReadObject
0x00007ff669010a56 (Unity) PersistentManager::ReadAndActivateObjectThreaded
0x00007ff669010fb9 (Unity) PersistentManager::ReadObjectThreaded
0x00007ff669010d6a (Unity) PersistentManager::ReadObject
0x00007ff66a6f2bc1 (Unity) WritePreviews
0x00007ff66a6eca8e (Unity) PreviewImporter::GenerateAssetData
0x00007ff66a7e1a59 (Unity) ImportToObjects
0x00007ff66a7e0a98 (Unity) ImportAsset
0x00007ff66a7427f8 (Unity) AssetImportWorker::Import
0x00007ff66a795b8a (Unity) <lambda_7448d646502792db0127dc89657ec83e>::operator()
0x00007ff66a83a262 (Unity) asio::detail::completion_handler<core::mutable_function<void __cdecl(void)> >::do_complete
0x00007ff66a83c3c0 (Unity) asio::detail::win_iocp_io_service::do_one
0x00007ff66a83fb4e (Unity) asio::io_service::run
0x00007ff66a7c29eb (Unity) RunAssetImportWorkerClientV2
0x00007ff66a7c2a40 (Unity) RunAssetImporterV2
0x00007ff669c86616 (Unity) Application::InitializeProject
0x00007ff66a631b22 (Unity) WinMain
0x00007ff66c4892b6 (Unity) __scrt_common_main_seh
0x00007ffab8727034 (KERNEL32) BaseThreadInitThunk
0x00007ffaba142651 (ntdll) RtlUserThreadStart

Requesting import of Guid(1b17158b41a60ec478db6e870f0571dc) Importer(-1,00000000000000000000000000000000), Assets/Resources/Prefabs/Weapons/HugeWeapon.prefab from editor
Resuming Guid(1b17158b41a60ec478db6e870f0571dc) Importer(-1,00000000000000000000000000000000) -> a1c00230f3c3086c701b481a3543f0b4 
Assertion failed on expression: 'state.state == kUpToDate'
Assertion failed on expression: 'state.artifactID == result'
 -> (artifact id: '648af10716abb42ef074c9c58edf7424') in 0.041880 seconds 
  Import took 0.050284 seconds .

========================================================================
Received Import Request.
  Time since last request: 0.000192 seconds.
  path: Assets/Resources/Prefabs
  artifactKey: Guid(ce57d1dd536842740bf2b5a77c727c0a) Importer(815301076,1909f56bfc062723c751e8b465ee728b)
Start importing Assets/Resources/Prefabs using Guid(ce57d1dd536842740bf2b5a77c727c0a) Importer(815301076,1909f56bfc062723c751e8b465ee728b)  -> (artifact id: 'dd9a1997b132c293afb1240f7a9c7c4e') in 0.008577 seconds 
  Import took 0.019717 seconds .

========================================================================
Received Import Request.
  Time since last request: 0.000648 seconds.
  path: Assets/Resources/CreaturesDatabase.asset
  artifactKey: Guid(38fd7bba8472df142b49c343d6303c9f) Importer(815301076,1909f56bfc062723c751e8b465ee728b)
Start importing Assets/Resources/CreaturesDatabase.asset using Guid(38fd7bba8472df142b49c343d6303c9f) Importer(815301076,1909f56bfc062723c751e8b465ee728b) Diagnostics callstack to track who triggered the sub-import:
0x00007ff66a7f66b2 (Unity) ImporterAssetResolver::ResolveAsset
0x00007ff66a7c1cd2 (Unity) ResolveArtifactV2
0x00007ff66a787cbd (Unity) GUIDPersistentManagerV2::PathIDToPathNameInternal
0x00007ff66900bd44 (Unity) PersistentManager::GetStreamNameSpaceInternal
0x00007ff66900b285 (Unity) PersistentManager::GetSerializedFileIfObjectAvailable
0x00007ff6690103c9 (Unity) PersistentManager::PreallocateObjectThreaded
0x00007ff668f0e524 (Unity) TransferPPtrToMonoObject
0x00007ff668fafa34 (Unity) TransferField_NonArray<YAMLRead,Converter_UnityEngineObject>
0x00007ff668fd3ac2 (Unity) Transfer_UnityEngineObject<YAMLRead,0>
0x00007ff6677ade26 (Unity) ExecuteSerializationCommands<ConfigSettingsRead>
0x00007ff668fb9a8d (Unity) YAMLRead::TransferSTLStyleArray<ArrayOfManagedObjectsTransferer>
0x00007ff668fd1fd9 (Unity) Transfer_ManagedObject<YAMLRead,1>
0x00007ff668fac078 (Unity) TransferField_LinearCollection<SafeBinaryRead>
0x00007ff6677ade26 (Unity) ExecuteSerializationCommands<ConfigSettingsRead>
0x00007ff668fd21e6 (Unity) Transfer_ManagedObject<YAMLRead,0>
0x00007ff668a4f5e6 (Unity) ExecuteSerializationCommands<SafeBinaryRead>
0x00007ff668a56d0c (Unity) TransferScriptingObject<YAMLRead,0>
0x00007ff668a5590f (Unity) SerializableManagedRefTransfer::TransferMonoInstance<YAMLRead>
0x00007ff668f31339 (Unity) MonoBehaviour::VirtualRedirectTransfer
0x00007ff66904d64d (Unity) SerializedFile::ReadObject
0x00007ff669010a56 (Unity) PersistentManager::ReadAndActivateObjectThreaded
0x00007ff669010fb9 (Unity) PersistentManager::ReadObjectThreaded
0x00007ff669010d6a (Unity) PersistentManager::ReadObject
0x00007ff66a6f2bc1 (Unity) WritePreviews
0x00007ff66a6eca8e (Unity) PreviewImporter::GenerateAssetData
0x00007ff66a7e1a59 (Unity) ImportToObjects
0x00007ff66a7e0a98 (Unity) ImportAsset
0x00007ff66a7427f8 (Unity) AssetImportWorker::Import
0x00007ff66a795b8a (Unity) <lambda_7448d646502792db0127dc89657ec83e>::operator()
0x00007ff66a83a262 (Unity) asio::detail::completion_handler<core::mutable_function<void __cdecl(void)> >::do_complete
0x00007ff66a83c3c0 (Unity) asio::detail::win_iocp_io_service::do_one
0x00007ff66a83fb4e (Unity) asio::io_service::run
0x00007ff66a7c29eb (Unity) RunAssetImportWorkerClientV2
0x00007ff66a7c2a40 (Unity) RunAssetImporterV2
0x00007ff669c86616 (Unity) Application::InitializeProject
0x00007ff66a631b22 (Unity) WinMain
0x00007ff66c4892b6 (Unity) __scrt_common_main_seh
0x00007ffab8727034 (KERNEL32) BaseThreadInitThunk
0x00007ffaba142651 (ntdll) RtlUserThreadStart

Requesting import of Guid(6112b179b1207e34394fa4baca9798d0) Importer(-1,00000000000000000000000000000000), Assets/Resources/Prefabs/Creatures/Player.prefab from editor
Resuming Guid(6112b179b1207e34394fa4baca9798d0) Importer(-1,00000000000000000000000000000000) -> 9f3b967369170b1bfd2fbeed1da8ff12 
Assertion failed on expression: 'state.state == kUpToDate'
Assertion failed on expression: 'state.artifactID == result'
Diagnostics callstack to track who triggered the sub-import:
0x00007ff66a7f66b2 (Unity) ImporterAssetResolver::ResolveAsset
0x00007ff66a7c1cd2 (Unity) ResolveArtifactV2
0x00007ff66a787cbd (Unity) GUIDPersistentManagerV2::PathIDToPathNameInternal
0x00007ff66900bd44 (Unity) PersistentManager::GetStreamNameSpaceInternal
0x00007ff66900b285 (Unity) PersistentManager::GetSerializedFileIfObjectAvailable
0x00007ff6690103c9 (Unity) PersistentManager::PreallocateObjectThreaded
0x00007ff668f0e524 (Unity) TransferPPtrToMonoObject
0x00007ff668fafa34 (Unity) TransferField_NonArray<YAMLRead,Converter_UnityEngineObject>
0x00007ff668fd3ac2 (Unity) Transfer_UnityEngineObject<YAMLRead,0>
0x00007ff6677ade26 (Unity) ExecuteSerializationCommands<ConfigSettingsRead>
0x00007ff668fb9a8d (Unity) YAMLRead::TransferSTLStyleArray<ArrayOfManagedObjectsTransferer>
0x00007ff668fd1fd9 (Unity) Transfer_ManagedObject<YAMLRead,1>
0x00007ff668fac078 (Unity) TransferField_LinearCollection<SafeBinaryRead>
0x00007ff6677ade26 (Unity) ExecuteSerializationCommands<ConfigSettingsRead>
0x00007ff668fd21e6 (Unity) Transfer_ManagedObject<YAMLRead,0>
0x00007ff668a4f5e6 (Unity) ExecuteSerializationCommands<SafeBinaryRead>
0x00007ff668a56d0c (Unity) TransferScriptingObject<YAMLRead,0>
0x00007ff668a5590f (Unity) SerializableManagedRefTransfer::TransferMonoInstance<YAMLRead>
0x00007ff668f31339 (Unity) MonoBehaviour::VirtualRedirectTransfer
0x00007ff66904d64d (Unity) SerializedFile::ReadObject
0x00007ff669010a56 (Unity) PersistentManager::ReadAndActivateObjectThreaded
0x00007ff669010fb9 (Unity) PersistentManager::ReadObjectThreaded
0x00007ff669010d6a (Unity) PersistentManager::ReadObject
0x00007ff66a6f2bc1 (Unity) WritePreviews
0x00007ff66a6eca8e (Unity) PreviewImporter::GenerateAssetData
0x00007ff66a7e1a59 (Unity) ImportToObjects
0x00007ff66a7e0a98 (Unity) ImportAsset
0x00007ff66a7427f8 (Unity) AssetImportWorker::Import
0x00007ff66a795b8a (Unity) <lambda_7448d646502792db0127dc89657ec83e>::operator()
0x00007ff66a83a262 (Unity) asio::detail::completion_handler<core::mutable_function<void __cdecl(void)> >::do_complete
0x00007ff66a83c3c0 (Unity) asio::detail::win_iocp_io_service::do_one
0x00007ff66a83fb4e (Unity) asio::io_service::run
0x00007ff66a7c29eb (Unity) RunAssetImportWorkerClientV2
0x00007ff66a7c2a40 (Unity) RunAssetImporterV2
0x00007ff669c86616 (Unity) Application::InitializeProject
0x00007ff66a631b22 (Unity) WinMain
0x00007ff66c4892b6 (Unity) __scrt_common_main_seh
0x00007ffab8727034 (KERNEL32) BaseThreadInitThunk
0x00007ffaba142651 (ntdll) RtlUserThreadStart

Requesting import of Guid(16fe3c6dab59b4942911b37b5ca4c1fd) Importer(-1,00000000000000000000000000000000), Assets/Resources/Prefabs/Creatures/Bosses/Gasadokuro.prefab from editor
Resuming Guid(16fe3c6dab59b4942911b37b5ca4c1fd) Importer(-1,00000000000000000000000000000000) -> e6dd71a806f48f697eaa8fd4e71cc9fa 
Assertion failed on expression: 'state.state == kUpToDate'
Assertion failed on expression: 'state.artifactID == result'
Diagnostics callstack to track who triggered the sub-import:
0x00007ff66a7f66b2 (Unity) ImporterAssetResolver::ResolveAsset
0x00007ff66a7c1cd2 (Unity) ResolveArtifactV2
0x00007ff66a787cbd (Unity) GUIDPersistentManagerV2::PathIDToPathNameInternal
0x00007ff66900bd44 (Unity) PersistentManager::GetStreamNameSpaceInternal
0x00007ff66900b285 (Unity) PersistentManager::GetSerializedFileIfObjectAvailable
0x00007ff6690103c9 (Unity) PersistentManager::PreallocateObjectThreaded
0x00007ff668f0e524 (Unity) TransferPPtrToMonoObject
0x00007ff668fafa34 (Unity) TransferField_NonArray<YAMLRead,Converter_UnityEngineObject>
0x00007ff668fd3ac2 (Unity) Transfer_UnityEngineObject<YAMLRead,0>
0x00007ff6677ade26 (Unity) ExecuteSerializationCommands<ConfigSettingsRead>
0x00007ff668fb9a8d (Unity) YAMLRead::TransferSTLStyleArray<ArrayOfManagedObjectsTransferer>
0x00007ff668fd1fd9 (Unity) Transfer_ManagedObject<YAMLRead,1>
0x00007ff668fac078 (Unity) TransferField_LinearCollection<SafeBinaryRead>
0x00007ff6677ade26 (Unity) ExecuteSerializationCommands<ConfigSettingsRead>
0x00007ff668fd21e6 (Unity) Transfer_ManagedObject<YAMLRead,0>
0x00007ff668a4f5e6 (Unity) ExecuteSerializationCommands<SafeBinaryRead>
0x00007ff668a56d0c (Unity) TransferScriptingObject<YAMLRead,0>
0x00007ff668a5590f (Unity) SerializableManagedRefTransfer::TransferMonoInstance<YAMLRead>
0x00007ff668f31339 (Unity) MonoBehaviour::VirtualRedirectTransfer
0x00007ff66904d64d (Unity) SerializedFile::ReadObject
0x00007ff669010a56 (Unity) PersistentManager::ReadAndActivateObjectThreaded
0x00007ff669010fb9 (Unity) PersistentManager::ReadObjectThreaded
0x00007ff669010d6a (Unity) PersistentManager::ReadObject
0x00007ff66a6f2bc1 (Unity) WritePreviews
0x00007ff66a6eca8e (Unity) PreviewImporter::GenerateAssetData
0x00007ff66a7e1a59 (Unity) ImportToObjects
0x00007ff66a7e0a98 (Unity) ImportAsset
0x00007ff66a7427f8 (Unity) AssetImportWorker::Import
0x00007ff66a795b8a (Unity) <lambda_7448d646502792db0127dc89657ec83e>::operator()
0x00007ff66a83a262 (Unity) asio::detail::completion_handler<core::mutable_function<void __cdecl(void)> >::do_complete
0x00007ff66a83c3c0 (Unity) asio::detail::win_iocp_io_service::do_one
0x00007ff66a83fb4e (Unity) asio::io_service::run
0x00007ff66a7c29eb (Unity) RunAssetImportWorkerClientV2
0x00007ff66a7c2a40 (Unity) RunAssetImporterV2
0x00007ff669c86616 (Unity) Application::InitializeProject
0x00007ff66a631b22 (Unity) WinMain
0x00007ff66c4892b6 (Unity) __scrt_common_main_seh
0x00007ffab8727034 (KERNEL32) BaseThreadInitThunk
0x00007ffaba142651 (ntdll) RtlUserThreadStart

Requesting import of Guid(0955f3f4f879712428a3a51b602840b0) Importer(-1,00000000000000000000000000000000), Assets/Resources/Prefabs/Creatures/Mobs/SkeletonSpearman.prefab from editor
Resuming Guid(0955f3f4f879712428a3a51b602840b0) Importer(-1,00000000000000000000000000000000) -> 82becc646668e5cb70c70a19d5134abb 
Assertion failed on expression: 'state.state == kUpToDate'
Assertion failed on expression: 'state.artifactID == result'
Diagnostics callstack to track who triggered the sub-import:
0x00007ff66a7f66b2 (Unity) ImporterAssetResolver::ResolveAsset
0x00007ff66a7c1cd2 (Unity) ResolveArtifactV2
0x00007ff66a787cbd (Unity) GUIDPersistentManagerV2::PathIDToPathNameInternal
0x00007ff66900bd44 (Unity) PersistentManager::GetStreamNameSpaceInternal
0x00007ff66900b285 (Unity) PersistentManager::GetSerializedFileIfObjectAvailable
0x00007ff6690103c9 (Unity) PersistentManager::PreallocateObjectThreaded
0x00007ff668f0e524 (Unity) TransferPPtrToMonoObject
0x00007ff668fafa34 (Unity) TransferField_NonArray<YAMLRead,Converter_UnityEngineObject>
0x00007ff668fd3ac2 (Unity) Transfer_UnityEngineObject<YAMLRead,0>
0x00007ff6677ade26 (Unity) ExecuteSerializationCommands<ConfigSettingsRead>
0x00007ff668fb9a8d (Unity) YAMLRead::TransferSTLStyleArray<ArrayOfManagedObjectsTransferer>
0x00007ff668fd1fd9 (Unity) Transfer_ManagedObject<YAMLRead,1>
0x00007ff668fac078 (Unity) TransferField_LinearCollection<SafeBinaryRead>
0x00007ff6677ade26 (Unity) ExecuteSerializationCommands<ConfigSettingsRead>
0x00007ff668fd21e6 (Unity) Transfer_ManagedObject<YAMLRead,0>
0x00007ff668a4f5e6 (Unity) ExecuteSerializationCommands<SafeBinaryRead>
0x00007ff668a56d0c (Unity) TransferScriptingObject<YAMLRead,0>
0x00007ff668a5590f (Unity) SerializableManagedRefTransfer::TransferMonoInstance<YAMLRead>
0x00007ff668f31339 (Unity) MonoBehaviour::VirtualRedirectTransfer
0x00007ff66904d64d (Unity) SerializedFile::ReadObject
0x00007ff669010a56 (Unity) PersistentManager::ReadAndActivateObjectThreaded
0x00007ff669010fb9 (Unity) PersistentManager::ReadObjectThreaded
0x00007ff669010d6a (Unity) PersistentManager::ReadObject
0x00007ff66a6f2bc1 (Unity) WritePreviews
0x00007ff66a6eca8e (Unity) PreviewImporter::GenerateAssetData
0x00007ff66a7e1a59 (Unity) ImportToObjects
0x00007ff66a7e0a98 (Unity) ImportAsset
0x00007ff66a7427f8 (Unity) AssetImportWorker::Import
0x00007ff66a795b8a (Unity) <lambda_7448d646502792db0127dc89657ec83e>::operator()
0x00007ff66a83a262 (Unity) asio::detail::completion_handler<core::mutable_function<void __cdecl(void)> >::do_complete
0x00007ff66a83c3c0 (Unity) asio::detail::win_iocp_io_service::do_one
0x00007ff66a83fb4e (Unity) asio::io_service::run
0x00007ff66a7c29eb (Unity) RunAssetImportWorkerClientV2
0x00007ff66a7c2a40 (Unity) RunAssetImporterV2
0x00007ff669c86616 (Unity) Application::InitializeProject
0x00007ff66a631b22 (Unity) WinMain
0x00007ff66c4892b6 (Unity) __scrt_common_main_seh
0x00007ffab8727034 (KERNEL32) BaseThreadInitThunk
0x00007ffaba142651 (ntdll) RtlUserThreadStart

Requesting import of Guid(c785152d8d042ae4d923435c78c4f4d7) Importer(-1,00000000000000000000000000000000), Assets/Resources/Prefabs/Creatures/Mobs/SkeletonArcher.prefab from editor
Resuming Guid(c785152d8d042ae4d923435c78c4f4d7) Importer(-1,00000000000000000000000000000000) -> df05a84c03e976f7462b95ce0e17e262 
Assertion failed on expression: 'state.state == kUpToDate'
Assertion failed on expression: 'state.artifactID == result'
Diagnostics callstack to track who triggered the sub-import:
0x00007ff66a7f66b2 (Unity) ImporterAssetResolver::ResolveAsset
0x00007ff66a7c1cd2 (Unity) ResolveArtifactV2
0x00007ff66a787cbd (Unity) GUIDPersistentManagerV2::PathIDToPathNameInternal
0x00007ff66900bd44 (Unity) PersistentManager::GetStreamNameSpaceInternal
0x00007ff66900b285 (Unity) PersistentManager::GetSerializedFileIfObjectAvailable
0x00007ff6690103c9 (Unity) PersistentManager::PreallocateObjectThreaded
0x00007ff668f0e524 (Unity) TransferPPtrToMonoObject
0x00007ff668fafa34 (Unity) TransferField_NonArray<YAMLRead,Converter_UnityEngineObject>
0x00007ff668fd3ac2 (Unity) Transfer_UnityEngineObject<YAMLRead,0>
0x00007ff6677ade26 (Unity) ExecuteSerializationCommands<ConfigSettingsRead>
0x00007ff668fb9a8d (Unity) YAMLRead::TransferSTLStyleArray<ArrayOfManagedObjectsTransferer>
0x00007ff668fd1fd9 (Unity) Transfer_ManagedObject<YAMLRead,1>
0x00007ff668fac078 (Unity) TransferField_LinearCollection<SafeBinaryRead>
0x00007ff6677ade26 (Unity) ExecuteSerializationCommands<ConfigSettingsRead>
0x00007ff668fd21e6 (Unity) Transfer_ManagedObject<YAMLRead,0>
0x00007ff668a4f5e6 (Unity) ExecuteSerializationCommands<SafeBinaryRead>
0x00007ff668a56d0c (Unity) TransferScriptingObject<YAMLRead,0>
0x00007ff668a5590f (Unity) SerializableManagedRefTransfer::TransferMonoInstance<YAMLRead>
0x00007ff668f31339 (Unity) MonoBehaviour::VirtualRedirectTransfer
0x00007ff66904d64d (Unity) SerializedFile::ReadObject
0x00007ff669010a56 (Unity) PersistentManager::ReadAndActivateObjectThreaded
0x00007ff669010fb9 (Unity) PersistentManager::ReadObjectThreaded
0x00007ff669010d6a (Unity) PersistentManager::ReadObject
0x00007ff66a6f2bc1 (Unity) WritePreviews
0x00007ff66a6eca8e (Unity) PreviewImporter::GenerateAssetData
0x00007ff66a7e1a59 (Unity) ImportToObjects
0x00007ff66a7e0a98 (Unity) ImportAsset
0x00007ff66a7427f8 (Unity) AssetImportWorker::Import
0x00007ff66a795b8a (Unity) <lambda_7448d646502792db0127dc89657ec83e>::operator()
0x00007ff66a83a262 (Unity) asio::detail::completion_handler<core::mutable_function<void __cdecl(void)> >::do_complete
0x00007ff66a83c3c0 (Unity) asio::detail::win_iocp_io_service::do_one
0x00007ff66a83fb4e (Unity) asio::io_service::run
0x00007ff66a7c29eb (Unity) RunAssetImportWorkerClientV2
0x00007ff66a7c2a40 (Unity) RunAssetImporterV2
0x00007ff669c86616 (Unity) Application::InitializeProject
0x00007ff66a631b22 (Unity) WinMain
0x00007ff66c4892b6 (Unity) __scrt_common_main_seh
0x00007ffab8727034 (KERNEL32) BaseThreadInitThunk
0x00007ffaba142651 (ntdll) RtlUserThreadStart

Requesting import of Guid(3fd37324335aeb14187b5b665e5b45da) Importer(-1,00000000000000000000000000000000), Assets/Resources/Prefabs/Creatures/Mobs/HugeSkeleton.prefab from editor
Resuming Guid(3fd37324335aeb14187b5b665e5b45da) Importer(-1,00000000000000000000000000000000) -> b729c0d3a73ece6512c83447c39f1d0a 
Assertion failed on expression: 'state.state == kUpToDate'
Assertion failed on expression: 'state.artifactID == result'
 -> (artifact id: '01052b953f669b7766c3355ba6b5f581') in 0.072910 seconds 
  Import took 0.078571 seconds .

========================================================================
Received Import Request.
  Time since last request: 13.079115 seconds.
  path: Assets/Resources/Prefabs/Ux Ui/Hp bar.prefab
  artifactKey: Guid(8212b3357ae867841966608065033d67) Importer(815301076,1909f56bfc062723c751e8b465ee728b)
Start importing Assets/Resources/Prefabs/Ux Ui/Hp bar.prefab using Guid(8212b3357ae867841966608065033d67) Importer(815301076,1909f56bfc062723c751e8b465ee728b)  -> (artifact id: '243458d84122ac9239228fc712093ff6') in 0.010024 seconds 
  Import took 0.014536 seconds .

========================================================================
Received Import Request.
  Time since last request: 0.000216 seconds.
  path: Assets/Resources/Prefabs/Ux Ui/UI.prefab
  artifactKey: Guid(0ea4ded72e95b084c8282cf111d8d9d2) Importer(815301076,1909f56bfc062723c751e8b465ee728b)
Start importing Assets/Resources/Prefabs/Ux Ui/UI.prefab using Guid(0ea4ded72e95b084c8282cf111d8d9d2) Importer(815301076,1909f56bfc062723c751e8b465ee728b) Diagnostics callstack to track who triggered the sub-import:
0x00007ff66a7f66b2 (Unity) ImporterAssetResolver::ResolveAsset
0x00007ff66a7c1cd2 (Unity) ResolveArtifactV2
0x00007ff66a7e1690 (Unity) ImportToObjects
0x00007ff66a7e0a98 (Unity) ImportAsset
0x00007ff66a7427f8 (Unity) AssetImportWorker::Import
0x00007ff66a795b8a (Unity) <lambda_7448d646502792db0127dc89657ec83e>::operator()
0x00007ff66a83a262 (Unity) asio::detail::completion_handler<core::mutable_function<void __cdecl(void)> >::do_complete
0x00007ff66a83c3c0 (Unity) asio::detail::win_iocp_io_service::do_one
0x00007ff66a83fb4e (Unity) asio::io_service::run
0x00007ff66a7c29eb (Unity) RunAssetImportWorkerClientV2
0x00007ff66a7c2a40 (Unity) RunAssetImporterV2
0x00007ff669c86616 (Unity) Application::InitializeProject
0x00007ff66a631b22 (Unity) WinMain
0x00007ff66c4892b6 (Unity) __scrt_common_main_seh
0x00007ffab8727034 (KERNEL32) BaseThreadInitThunk
0x00007ffaba142651 (ntdll) RtlUserThreadStart

Requesting import of Guid(0ea4ded72e95b084c8282cf111d8d9d2) Importer(-1,00000000000000000000000000000000), Assets/Resources/Prefabs/Ux Ui/UI.prefab from editor
Resuming Guid(0ea4ded72e95b084c8282cf111d8d9d2) Importer(-1,00000000000000000000000000000000) -> 021ad044e3531357a266066cb0f3acc2 
Assertion failed on expression: 'state.state == kUpToDate'
Assertion failed on expression: 'state.artifactID == result'
Diagnostics callstack to track who triggered the sub-import:
0x00007ff66a7f66b2 (Unity) ImporterAssetResolver::ResolveAsset
0x00007ff66a7c1cd2 (Unity) ResolveArtifactV2
0x00007ff66a7b8a91 (Unity) ProduceArtifactV2
0x00007ff66a7077be (Unity) AssetDatabase::ProduceArtifact
0x00007ff66a6ec968 (Unity) PreviewImporter::GenerateAssetData
0x00007ff66a7e1a59 (Unity) ImportToObjects
0x00007ff66a7e0a98 (Unity) ImportAsset
0x00007ff66a7427f8 (Unity) AssetImportWorker::Import
0x00007ff66a795b8a (Unity) <lambda_7448d646502792db0127dc89657ec83e>::operator()
0x00007ff66a83a262 (Unity) asio::detail::completion_handler<core::mutable_function<void __cdecl(void)> >::do_complete
0x00007ff66a83c3c0 (Unity) asio::detail::win_iocp_io_service::do_one
0x00007ff66a83fb4e (Unity) asio::io_service::run
0x00007ff66a7c29eb (Unity) RunAssetImportWorkerClientV2
0x00007ff66a7c2a40 (Unity) RunAssetImporterV2
0x00007ff669c86616 (Unity) Application::InitializeProject
0x00007ff66a631b22 (Unity) WinMain
0x00007ff66c4892b6 (Unity) __scrt_common_main_seh
0x00007ffab8727034 (KERNEL32) BaseThreadInitThunk
0x00007ffaba142651 (ntdll) RtlUserThreadStart

Requesting import of Guid(0ea4ded72e95b084c8282cf111d8d9d2) Importer(-1,00000000000000000000000000000000), Assets/Resources/Prefabs/Ux Ui/UI.prefab from editor
Resuming Guid(0ea4ded72e95b084c8282cf111d8d9d2) Importer(-1,00000000000000000000000000000000) -> 021ad044e3531357a266066cb0f3acc2 
Assertion failed on expression: 'state.state == kUpToDate'
Assertion failed on expression: 'state.artifactID == result'
 -> (artifact id: '9a169ad313ab5cd6bb0e19d1d1091d23') in 0.021369 seconds 
  Import took 0.025415 seconds .

========================================================================
Received Import Request.
  Time since last request: 0.000283 seconds.
  path: Assets/Resources/Prefabs/Ux Ui/UICanvas.prefab
  artifactKey: Guid(7ed52ae4708483f4bb7d9314e70fddfd) Importer(815301076,1909f56bfc062723c751e8b465ee728b)
Start importing Assets/Resources/Prefabs/Ux Ui/UICanvas.prefab using Guid(7ed52ae4708483f4bb7d9314e70fddfd) Importer(815301076,1909f56bfc062723c751e8b465ee728b) Diagnostics callstack to track who triggered the sub-import:
0x00007ff66a7f66b2 (Unity) ImporterAssetResolver::ResolveAsset
0x00007ff66a7c1cd2 (Unity) ResolveArtifactV2
0x00007ff66a7e1690 (Unity) ImportToObjects
0x00007ff66a7e0a98 (Unity) ImportAsset
0x00007ff66a7427f8 (Unity) AssetImportWorker::Import
0x00007ff66a795b8a (Unity) <lambda_7448d646502792db0127dc89657ec83e>::operator()
0x00007ff66a83a262 (Unity) asio::detail::completion_handler<core::mutable_function<void __cdecl(void)> >::do_complete
0x00007ff66a83c3c0 (Unity) asio::detail::win_iocp_io_service::do_one
0x00007ff66a83fb4e (Unity) asio::io_service::run
0x00007ff66a7c29eb (Unity) RunAssetImportWorkerClientV2
0x00007ff66a7c2a40 (Unity) RunAssetImporterV2
0x00007ff669c86616 (Unity) Application::InitializeProject
0x00007ff66a631b22 (Unity) WinMain
0x00007ff66c4892b6 (Unity) __scrt_common_main_seh
0x00007ffab8727034 (KERNEL32) BaseThreadInitThunk
0x00007ffaba142651 (ntdll) RtlUserThreadStart

Requesting import of Guid(7ed52ae4708483f4bb7d9314e70fddfd) Importer(-1,00000000000000000000000000000000), Assets/Resources/Prefabs/Ux Ui/UICanvas.prefab from editor
Resuming Guid(7ed52ae4708483f4bb7d9314e70fddfd) Importer(-1,00000000000000000000000000000000) -> 73b3d8702634bddf5ae05750349597ca 
Assertion failed on expression: 'state.state == kUpToDate'
Assertion failed on expression: 'state.artifactID == result'
Diagnostics callstack to track who triggered the sub-import:
0x00007ff66a7f66b2 (Unity) ImporterAssetResolver::ResolveAsset
0x00007ff66a7c1cd2 (Unity) ResolveArtifactV2
0x00007ff66a7b8a91 (Unity) ProduceArtifactV2
0x00007ff66a7077be (Unity) AssetDatabase::ProduceArtifact
0x00007ff66a6ec968 (Unity) PreviewImporter::GenerateAssetData
0x00007ff66a7e1a59 (Unity) ImportToObjects
0x00007ff66a7e0a98 (Unity) ImportAsset
0x00007ff66a7427f8 (Unity) AssetImportWorker::Import
0x00007ff66a795b8a (Unity) <lambda_7448d646502792db0127dc89657ec83e>::operator()
0x00007ff66a83a262 (Unity) asio::detail::completion_handler<core::mutable_function<void __cdecl(void)> >::do_complete
0x00007ff66a83c3c0 (Unity) asio::detail::win_iocp_io_service::do_one
0x00007ff66a83fb4e (Unity) asio::io_service::run
0x00007ff66a7c29eb (Unity) RunAssetImportWorkerClientV2
0x00007ff66a7c2a40 (Unity) RunAssetImporterV2
0x00007ff669c86616 (Unity) Application::InitializeProject
0x00007ff66a631b22 (Unity) WinMain
0x00007ff66c4892b6 (Unity) __scrt_common_main_seh
0x00007ffab8727034 (KERNEL32) BaseThreadInitThunk
0x00007ffaba142651 (ntdll) RtlUserThreadStart

Requesting import of Guid(7ed52ae4708483f4bb7d9314e70fddfd) Importer(-1,00000000000000000000000000000000), Assets/Resources/Prefabs/Ux Ui/UICanvas.prefab from editor
Resuming Guid(7ed52ae4708483f4bb7d9314e70fddfd) Importer(-1,00000000000000000000000000000000) -> 73b3d8702634bddf5ae05750349597ca 
Assertion failed on expression: 'state.state == kUpToDate'
Assertion failed on expression: 'state.artifactID == result'
 -> (artifact id: 'a659377235babce8090d1be068cfd68a') in 0.010763 seconds 
  Import took 0.016223 seconds .

========================================================================
Received Import Request.
  Time since last request: 0.000205 seconds.
  path: Assets/Resources/Prefabs/Ux Ui/Mobs hp bars.prefab
  artifactKey: Guid(9366e3ce35f58954f9707b3cb142bfa2) Importer(815301076,1909f56bfc062723c751e8b465ee728b)
Start importing Assets/Resources/Prefabs/Ux Ui/Mobs hp bars.prefab using Guid(9366e3ce35f58954f9707b3cb142bfa2) Importer(815301076,1909f56bfc062723c751e8b465ee728b)  -> (artifact id: '3cbfd90a3a205e74044cf512fa0cc2ab') in 0.044325 seconds 
  Import took 0.055722 seconds .

========================================================================
Received Prepare
Registering precompiled user dll's ...
Registered in 0.003115 seconds.
Begin MonoManager ReloadAssembly
Native extension for WindowsStandalone target not found
Refreshing native plugins compatible for Editor in 0.73 ms, found 3 plugins.
Preloading 0 native plugins for Editor in 0.00 ms.
Mono: successfully reloaded assembly
- Completed reload, in  1.269 seconds
Domain Reload Profiling:
	ReloadAssembly (1270ms)
		BeginReloadAssembly (255ms)
			ExecutionOrderSort (0ms)
			DisableScriptedObjects (11ms)
			BackupInstance (0ms)
			ReleaseScriptingObjects (0ms)
			CreateAndSetChildDomain (118ms)
		EndReloadAssembly (950ms)
			LoadAssemblies (126ms)
			RebuildTransferFunctionScriptingTraits (0ms)
			SetupTypeCache (411ms)
			ReleaseScriptCaches (1ms)
			RebuildScriptCaches (41ms)
			SetupLoadedEditorAssemblies (294ms)
				LogAssemblyErrors (0ms)
				InitializePlatformSupportModulesInManaged (6ms)
				SetLoadedEditorAssemblies (0ms)
				RefreshPlugins (1ms)
				BeforeProcessingInitializeOnLoad (83ms)
				ProcessInitializeOnLoadAttributes (192ms)
				ProcessInitializeOnLoadMethodAttributes (7ms)
				AfterProcessingInitializeOnLoad (5ms)
				EditorAssembliesLoaded (0ms)
			ExecutionOrderSort2 (0ms)
			AwakeInstancesAfterBackupRestoration (9ms)
Platform modules already initialized, skipping
Refreshing native plugins compatible for Editor in 0.72 ms, found 3 plugins.
Preloading 0 native plugins for Editor in 0.00 ms.
Unloading 2409 Unused Serialized files (Serialized files now loaded: 0)
System memory in use before: 102.7 MB.
System memory in use after: 102.9 MB.

Unloading 16 unused Assets to reduce memory usage. Loaded Objects now: 2877.
Total: 2.767800 ms (FindLiveObjects: 0.233200 ms CreateObjectMapping: 0.113300 ms MarkObjects: 2.404800 ms  DeleteObjects: 0.015500 ms)

AssetImportParameters requested are different than current active one (requested -> active):
  custom:framework-win-MediaFoundation: 216162199b28c13a410421893ffa2e32 -> 
  custom:video-decoder-ogg-theora: a1e56fd34408186e4bbccfd4996cb3dc -> 
  custom:container-muxer-webm: aa71ff27fc2769a1b78a27578f13a17b -> 
  custom:container-demuxer-webm: 4f35f7cbe854078d1ac9338744f61a02 -> 
  custom:container-demuxer-ogg: 62fdf1f143b41e24485cea50d1cbac27 -> 
  custom:video-encoder-webm-vp8: eb34c28f22e8b96e1ab97ce403110664 -> 
  custom:video-decoder-webm-vp8: 9c59270c3fd7afecdb556c50c9e8de78 -> 
  custom:audio-decoder-ogg-vorbis: bf7c407c2cedff20999df2af8eb42d56 -> 
  custom:audio-encoder-webm-vorbis: bf7c407c2cedff20999df2af8eb42d56 -> 
========================================================================
Received Import Request.
  Time since last request: 77.088586 seconds.
  path: Assets/Resources/Prefabs/Ux Ui/UI.prefab
  artifactKey: Guid(0ea4ded72e95b084c8282cf111d8d9d2) Importer(815301076,1909f56bfc062723c751e8b465ee728b)
Start importing Assets/Resources/Prefabs/Ux Ui/UI.prefab using Guid(0ea4ded72e95b084c8282cf111d8d9d2) Importer(815301076,1909f56bfc062723c751e8b465ee728b)  -> (artifact id: 'f95b7c2319276e0e638f39b61fe51be5') in 0.086328 seconds 
  Import took 0.090383 seconds .

========================================================================
Received Import Request.
  Time since last request: 0.000189 seconds.
  path: Assets/Resources/Prefabs/Ux Ui/UICanvas.prefab
  artifactKey: Guid(7ed52ae4708483f4bb7d9314e70fddfd) Importer(815301076,1909f56bfc062723c751e8b465ee728b)
Start importing Assets/Resources/Prefabs/Ux Ui/UICanvas.prefab using Guid(7ed52ae4708483f4bb7d9314e70fddfd) Importer(815301076,1909f56bfc062723c751e8b465ee728b)  -> (artifact id: '993a5d06162720ebe9481a1436362428') in 0.087232 seconds 
  Import took 0.091191 seconds .

========================================================================
Received Prepare
Registering precompiled user dll's ...
Registered in 0.002870 seconds.
Begin MonoManager ReloadAssembly
Native extension for WindowsStandalone target not found
Refreshing native plugins compatible for Editor in 0.95 ms, found 3 plugins.
Preloading 0 native plugins for Editor in 0.00 ms.
Mono: successfully reloaded assembly
- Completed reload, in  1.949 seconds
Domain Reload Profiling:
	ReloadAssembly (1950ms)
		BeginReloadAssembly (198ms)
			ExecutionOrderSort (0ms)
			DisableScriptedObjects (10ms)
			BackupInstance (0ms)
			ReleaseScriptingObjects (0ms)
			CreateAndSetChildDomain (75ms)
		EndReloadAssembly (1633ms)
			LoadAssemblies (172ms)
			RebuildTransferFunctionScriptingTraits (0ms)
			SetupTypeCache (640ms)
			ReleaseScriptCaches (2ms)
			RebuildScriptCaches (94ms)
			SetupLoadedEditorAssemblies (543ms)
				LogAssemblyErrors (0ms)
				InitializePlatformSupportModulesInManaged (9ms)
				SetLoadedEditorAssemblies (1ms)
				RefreshPlugins (1ms)
				BeforeProcessingInitializeOnLoad (145ms)
				ProcessInitializeOnLoadAttributes (368ms)
				ProcessInitializeOnLoadMethodAttributes (12ms)
				AfterProcessingInitializeOnLoad (8ms)
				EditorAssembliesLoaded (0ms)
			ExecutionOrderSort2 (0ms)
			AwakeInstancesAfterBackupRestoration (21ms)
Platform modules already initialized, skipping
Refreshing native plugins compatible for Editor in 2.12 ms, found 3 plugins.
Preloading 0 native plugins for Editor in 0.00 ms.
Unloading 2409 Unused Serialized files (Serialized files now loaded: 0)
System memory in use before: 102.9 MB.
System memory in use after: 103.1 MB.

Unloading 18 unused Assets to reduce memory usage. Loaded Objects now: 2882.
Total: 8.189700 ms (FindLiveObjects: 0.664400 ms CreateObjectMapping: 0.222900 ms MarkObjects: 7.261300 ms  DeleteObjects: 0.039700 ms)

AssetImportParameters requested are different than current active one (requested -> active):
  custom:framework-win-MediaFoundation: 216162199b28c13a410421893ffa2e32 -> 
  custom:video-decoder-ogg-theora: a1e56fd34408186e4bbccfd4996cb3dc -> 
  custom:container-muxer-webm: aa71ff27fc2769a1b78a27578f13a17b -> 
  custom:container-demuxer-webm: 4f35f7cbe854078d1ac9338744f61a02 -> 
  custom:container-demuxer-ogg: 62fdf1f143b41e24485cea50d1cbac27 -> 
  custom:video-encoder-webm-vp8: eb34c28f22e8b96e1ab97ce403110664 -> 
  custom:video-decoder-webm-vp8: 9c59270c3fd7afecdb556c50c9e8de78 -> 
  custom:audio-decoder-ogg-vorbis: bf7c407c2cedff20999df2af8eb42d56 -> 
  custom:audio-encoder-webm-vorbis: bf7c407c2cedff20999df2af8eb42d56 -> 
========================================================================
Received Prepare
Registering precompiled user dll's ...
Registered in 0.004202 seconds.
Begin MonoManager ReloadAssembly
Native extension for WindowsStandalone target not found
Refreshing native plugins compatible for Editor in 1.38 ms, found 3 plugins.
Preloading 0 native plugins for Editor in 0.00 ms.
Mono: successfully reloaded assembly
- Completed reload, in  1.068 seconds
Domain Reload Profiling:
	ReloadAssembly (1069ms)
		BeginReloadAssembly (101ms)
			ExecutionOrderSort (0ms)
			DisableScriptedObjects (5ms)
			BackupInstance (0ms)
			ReleaseScriptingObjects (0ms)
			CreateAndSetChildDomain (36ms)
		EndReloadAssembly (901ms)
			LoadAssemblies (86ms)
			RebuildTransferFunctionScriptingTraits (0ms)
			SetupTypeCache (344ms)
			ReleaseScriptCaches (1ms)
			RebuildScriptCaches (49ms)
			SetupLoadedEditorAssemblies (307ms)
				LogAssemblyErrors (0ms)
				InitializePlatformSupportModulesInManaged (6ms)
				SetLoadedEditorAssemblies (1ms)
				RefreshPlugins (1ms)
				BeforeProcessingInitializeOnLoad (99ms)
				ProcessInitializeOnLoadAttributes (190ms)
				ProcessInitializeOnLoadMethodAttributes (5ms)
				AfterProcessingInitializeOnLoad (6ms)
				EditorAssembliesLoaded (0ms)
			ExecutionOrderSort2 (0ms)
			AwakeInstancesAfterBackupRestoration (9ms)
Platform modules already initialized, skipping
Refreshing native plugins compatible for Editor in 0.61 ms, found 3 plugins.
Preloading 0 native plugins for Editor in 0.00 ms.
Unloading 2409 Unused Serialized files (Serialized files now loaded: 0)
System memory in use before: 102.9 MB.
System memory in use after: 103.1 MB.

Unloading 16 unused Assets to reduce memory usage. Loaded Objects now: 2885.
Total: 3.488500 ms (FindLiveObjects: 0.354100 ms CreateObjectMapping: 0.161500 ms MarkObjects: 2.950500 ms  DeleteObjects: 0.021300 ms)

AssetImportParameters requested are different than current active one (requested -> active):
  custom:framework-win-MediaFoundation: 216162199b28c13a410421893ffa2e32 -> 
  custom:video-decoder-ogg-theora: a1e56fd34408186e4bbccfd4996cb3dc -> 
  custom:container-muxer-webm: aa71ff27fc2769a1b78a27578f13a17b -> 
  custom:container-demuxer-webm: 4f35f7cbe854078d1ac9338744f61a02 -> 
  custom:container-demuxer-ogg: 62fdf1f143b41e24485cea50d1cbac27 -> 
  custom:video-encoder-webm-vp8: eb34c28f22e8b96e1ab97ce403110664 -> 
  custom:video-decoder-webm-vp8: 9c59270c3fd7afecdb556c50c9e8de78 -> 
  custom:audio-decoder-ogg-vorbis: bf7c407c2cedff20999df2af8eb42d56 -> 
  custom:audio-encoder-webm-vorbis: bf7c407c2cedff20999df2af8eb42d56 -> 
========================================================================
Received Import Request.
  Time since last request: 194.505364 seconds.
  path: Assets/Resources/Prefabs/Generation/Graphs/RunningDungeonGraph.asset
  artifactKey: Guid(0edf008d1d289f349848957505f5ed30) Importer(815301076,1909f56bfc062723c751e8b465ee728b)
Start importing Assets/Resources/Prefabs/Generation/Graphs/RunningDungeonGraph.asset using Guid(0edf008d1d289f349848957505f5ed30) Importer(815301076,1909f56bfc062723c751e8b465ee728b)  -> (artifact id: 'aaf7028bbb7a60e2b13fe7b31793e3b6') in 0.184075 seconds 
  Import took 0.204211 seconds .

========================================================================
Received Prepare
Registering precompiled user dll's ...
Registered in 0.024035 seconds.
Begin MonoManager ReloadAssembly
Native extension for WindowsStandalone target not found
Refreshing native plugins compatible for Editor in 0.68 ms, found 3 plugins.
Preloading 0 native plugins for Editor in 0.00 ms.
Mono: successfully reloaded assembly
- Completed reload, in  1.360 seconds
Domain Reload Profiling:
	ReloadAssembly (1363ms)
		BeginReloadAssembly (147ms)
			ExecutionOrderSort (0ms)
			DisableScriptedObjects (8ms)
			BackupInstance (0ms)
			ReleaseScriptingObjects (0ms)
			CreateAndSetChildDomain (51ms)
		EndReloadAssembly (1125ms)
			LoadAssemblies (176ms)
			RebuildTransferFunctionScriptingTraits (1ms)
			SetupTypeCache (414ms)
			ReleaseScriptCaches (1ms)
			RebuildScriptCaches (45ms)
			SetupLoadedEditorAssemblies (366ms)
				LogAssemblyErrors (0ms)
				InitializePlatformSupportModulesInManaged (9ms)
				SetLoadedEditorAssemblies (1ms)
				RefreshPlugins (1ms)
				BeforeProcessingInitializeOnLoad (106ms)
				ProcessInitializeOnLoadAttributes (237ms)
				ProcessInitializeOnLoadMethodAttributes (6ms)
				AfterProcessingInitializeOnLoad (5ms)
				EditorAssembliesLoaded (1ms)
			ExecutionOrderSort2 (0ms)
			AwakeInstancesAfterBackupRestoration (18ms)
Platform modules already initialized, skipping
Refreshing native plugins compatible for Editor in 1.11 ms, found 3 plugins.
Preloading 0 native plugins for Editor in 0.00 ms.
Unloading 2409 Unused Serialized files (Serialized files now loaded: 0)
System memory in use before: 103.8 MB.
System memory in use after: 104.1 MB.

Unloading 16 unused Assets to reduce memory usage. Loaded Objects now: 2888.
Total: 19.557200 ms (FindLiveObjects: 0.578500 ms CreateObjectMapping: 0.139900 ms MarkObjects: 18.783800 ms  DeleteObjects: 0.052200 ms)

AssetImportParameters requested are different than current active one (requested -> active):
  custom:framework-win-MediaFoundation: 216162199b28c13a410421893ffa2e32 -> 
  custom:video-decoder-ogg-theora: a1e56fd34408186e4bbccfd4996cb3dc -> 
  custom:container-muxer-webm: aa71ff27fc2769a1b78a27578f13a17b -> 
  custom:container-demuxer-webm: 4f35f7cbe854078d1ac9338744f61a02 -> 
  custom:container-demuxer-ogg: 62fdf1f143b41e24485cea50d1cbac27 -> 
  custom:video-encoder-webm-vp8: eb34c28f22e8b96e1ab97ce403110664 -> 
  custom:video-decoder-webm-vp8: 9c59270c3fd7afecdb556c50c9e8de78 -> 
  custom:audio-decoder-ogg-vorbis: bf7c407c2cedff20999df2af8eb42d56 -> 
  custom:audio-encoder-webm-vorbis: bf7c407c2cedff20999df2af8eb42d56 -> 
========================================================================
Received Import Request.
  Time since last request: 67.015458 seconds.
  path: Assets/Resources/Prefabs/Generation
  artifactKey: Guid(36d426d5040da3f4fb484d43c43066ea) Importer(815301076,1909f56bfc062723c751e8b465ee728b)
Start importing Assets/Resources/Prefabs/Generation using Guid(36d426d5040da3f4fb484d43c43066ea) Importer(815301076,1909f56bfc062723c751e8b465ee728b)  -> (artifact id: '84f3cb5ed7521c9239114db3409a1a38') in 0.019495 seconds 
  Import took 0.029535 seconds .

========================================================================
Received Import Request.
  Time since last request: 0.037379 seconds.
  path: Assets/Resources/Prefabs/Generation/CustomTilemapLayersHandler.asset
  artifactKey: Guid(b781260c1cb78aa4b93b9c8681b16251) Importer(815301076,1909f56bfc062723c751e8b465ee728b)
Start importing Assets/Resources/Prefabs/Generation/CustomTilemapLayersHandler.asset using Guid(b781260c1cb78aa4b93b9c8681b16251) Importer(815301076,1909f56bfc062723c751e8b465ee728b)  -> (artifact id: 'e0dcd4cf99087698a6e50ca40a3ce16e') in 0.052686 seconds 
  Import took 0.060314 seconds .

========================================================================
Received Import Request.
  Time since last request: 0.000217 seconds.
  path: Assets/Resources/Prefabs/Generation/RoomDetectionPostProcessing.asset
  artifactKey: Guid(ce0e273aabdaa1d4c81d999a00f123b9) Importer(815301076,1909f56bfc062723c751e8b465ee728b)
Start importing Assets/Resources/Prefabs/Generation/RoomDetectionPostProcessing.asset using Guid(ce0e273aabdaa1d4c81d999a00f123b9) Importer(815301076,1909f56bfc062723c751e8b465ee728b)  -> (artifact id: '146a6e6a509dc18ab8dcfce32967e36a') in 0.010473 seconds 
  Import took 0.015724 seconds .

========================================================================
Received Import Request.
  Time since last request: 0.742476 seconds.
  path: Assets/Resources/Prefabs/Generation/Rooms
  artifactKey: Guid(79e582a583e91094aa345b880e958831) Importer(815301076,1909f56bfc062723c751e8b465ee728b)
Start importing Assets/Resources/Prefabs/Generation/Rooms using Guid(79e582a583e91094aa345b880e958831) Importer(815301076,1909f56bfc062723c751e8b465ee728b)  -> (artifact id: 'ad15fd6cad8f1ab3f37d865ae14f7288') in 0.012670 seconds 
  Import took 0.017981 seconds .

========================================================================
Received Import Request.
  Time since last request: 0.058548 seconds.
  path: Assets/Resources/Prefabs/Generation/Rooms/Room1.prefab
  artifactKey: Guid(9b617a3d401905e43ba8af08a284a9ab) Importer(815301076,1909f56bfc062723c751e8b465ee728b)
Start importing Assets/Resources/Prefabs/Generation/Rooms/Room1.prefab using Guid(9b617a3d401905e43ba8af08a284a9ab) Importer(815301076,1909f56bfc062723c751e8b465ee728b)  -> (artifact id: '60929415221f34c18307b8a06b52840e') in 0.131182 seconds 
  Import took 0.135817 seconds .

========================================================================
Received Import Request.
  Time since last request: 0.000158 seconds.
  path: Assets/Resources/Prefabs/Generation/Rooms/Spawn.prefab
  artifactKey: Guid(e18694bb8c824214598d63f0dcf707c2) Importer(815301076,1909f56bfc062723c751e8b465ee728b)
Start importing Assets/Resources/Prefabs/Generation/Rooms/Spawn.prefab using Guid(e18694bb8c824214598d63f0dcf707c2) Importer(815301076,1909f56bfc062723c751e8b465ee728b)  -> (artifact id: 'b8a8974b6189a1d0bd527d31a2debdaa') in 0.038240 seconds 
  Import took 0.044688 seconds .

========================================================================
Received Import Request.
  Time since last request: 2.125624 seconds.
  path: Assets/Resources/Prefabs/Generation/Rooms/New rooms/FightRooms/Boss room.prefab
  artifactKey: Guid(0570b59772a0123468ef3a4a685051ac) Importer(815301076,1909f56bfc062723c751e8b465ee728b)
Start importing Assets/Resources/Prefabs/Generation/Rooms/New rooms/FightRooms/Boss room.prefab using Guid(0570b59772a0123468ef3a4a685051ac) Importer(815301076,1909f56bfc062723c751e8b465ee728b)  -> (artifact id: '641f5ff24f18c40cc979f6d8392a4c25') in 0.008490 seconds 
  Import took 0.013677 seconds .

========================================================================
Received Import Request.
  Time since last request: 0.000270 seconds.
  path: Assets/Resources/Prefabs/Generation/Rooms/New rooms/FightRooms/Room6.prefab
  artifactKey: Guid(27a59ee9984887c409251efb0dd6d83c) Importer(815301076,1909f56bfc062723c751e8b465ee728b)
Start importing Assets/Resources/Prefabs/Generation/Rooms/New rooms/FightRooms/Room6.prefab using Guid(27a59ee9984887c409251efb0dd6d83c) Importer(815301076,1909f56bfc062723c751e8b465ee728b)  -> (artifact id: 'fc1dacea414da112c1eda9d7df8ec0d3') in 0.265215 seconds 
  Import took 0.279128 seconds .

========================================================================
Received Import Request.
  Time since last request: 0.000209 seconds.
  path: Assets/Resources/Prefabs/Generation/Rooms/New rooms/FightRooms/Room7.prefab
  artifactKey: Guid(13ceefd076f88944bb534dbe8232aa9c) Importer(815301076,1909f56bfc062723c751e8b465ee728b)
Start importing Assets/Resources/Prefabs/Generation/Rooms/New rooms/FightRooms/Room7.prefab using Guid(13ceefd076f88944bb534dbe8232aa9c) Importer(815301076,1909f56bfc062723c751e8b465ee728b)  -> (artifact id: '787e422696ebf23b2862a0f82466e6e0') in 0.127655 seconds 
  Import took 0.139659 seconds .

========================================================================
Received Import Request.
  Time since last request: 0.000206 seconds.
  path: Assets/Resources/Prefabs/Generation/Rooms/New rooms/FightRooms/Room5.prefab
  artifactKey: Guid(73dba47550af5f64a95ba96eb0fb0e32) Importer(815301076,1909f56bfc062723c751e8b465ee728b)
Start importing Assets/Resources/Prefabs/Generation/Rooms/New rooms/FightRooms/Room5.prefab using Guid(73dba47550af5f64a95ba96eb0fb0e32) Importer(815301076,1909f56bfc062723c751e8b465ee728b)  -> (artifact id: '8556bbb8633e2357ece9b1eaeae95e84') in 0.161540 seconds 
  Import took 0.171449 seconds .

========================================================================
Received Import Request.
  Time since last request: 0.000219 seconds.
  path: Assets/Resources/Prefabs/Generation/Rooms/New rooms/FightRooms/Room8.prefab
  artifactKey: Guid(27de2e6355db90249b2a0d39095b9eed) Importer(815301076,1909f56bfc062723c751e8b465ee728b)
Start importing Assets/Resources/Prefabs/Generation/Rooms/New rooms/FightRooms/Room8.prefab using Guid(27de2e6355db90249b2a0d39095b9eed) Importer(815301076,1909f56bfc062723c751e8b465ee728b)  -> (artifact id: 'b6cf7522080e24817ffeeeabd3e0617b') in 0.163142 seconds 
  Import took 0.175496 seconds .

========================================================================
Received Import Request.
  Time since last request: 0.000178 seconds.
  path: Assets/Resources/Prefabs/Generation/Rooms/New rooms/FightRooms/Room2.prefab
  artifactKey: Guid(1cac7d1176f30b5499626a23a40f572e) Importer(815301076,1909f56bfc062723c751e8b465ee728b)
Start importing Assets/Resources/Prefabs/Generation/Rooms/New rooms/FightRooms/Room2.prefab using Guid(1cac7d1176f30b5499626a23a40f572e) Importer(815301076,1909f56bfc062723c751e8b465ee728b)  -> (artifact id: 'fd8f67405deb7c9a80654c5d058ae4c6') in 0.128965 seconds 
  Import took 0.138121 seconds .

========================================================================
Received Import Request.
  Time since last request: 0.000134 seconds.
  path: Assets/Resources/Prefabs/Generation/Rooms/New rooms/FightRooms/Room1.prefab
  artifactKey: Guid(26083ea109a6b4c409f38dc8c02eee87) Importer(815301076,1909f56bfc062723c751e8b465ee728b)
Start importing Assets/Resources/Prefabs/Generation/Rooms/New rooms/FightRooms/Room1.prefab using Guid(26083ea109a6b4c409f38dc8c02eee87) Importer(815301076,1909f56bfc062723c751e8b465ee728b)  -> (artifact id: '298c42c650e3af846f376f636307ce0e') in 0.120943 seconds 
  Import took 0.130143 seconds .

========================================================================
Received Import Request.
  Time since last request: 0.000165 seconds.
  path: Assets/Resources/Prefabs/Generation/Rooms/New rooms/FightRooms/Room3.prefab
  artifactKey: Guid(d6ee40f45cd24b04eb18b84578e85631) Importer(815301076,1909f56bfc062723c751e8b465ee728b)
Start importing Assets/Resources/Prefabs/Generation/Rooms/New rooms/FightRooms/Room3.prefab using Guid(d6ee40f45cd24b04eb18b84578e85631) Importer(815301076,1909f56bfc062723c751e8b465ee728b)  -> (artifact id: '328600912f33795f9a28e2c1d19b2947') in 0.097805 seconds 
  Import took 0.108793 seconds .

========================================================================
Received Import Request.
  Time since last request: 84.804231 seconds.
  path: Assets/Resources/Prefabs/Generation/Rooms/New rooms/Start rooms/StartRoom1.prefab
  artifactKey: Guid(f022ac126808af24eb3fa83a277a1595) Importer(815301076,1909f56bfc062723c751e8b465ee728b)
Start importing Assets/Resources/Prefabs/Generation/Rooms/New rooms/Start rooms/StartRoom1.prefab using Guid(f022ac126808af24eb3fa83a277a1595) Importer(815301076,1909f56bfc062723c751e8b465ee728b)  -> (artifact id: 'a6af1fef9ab0817f354802a63fa28f21') in 0.007964 seconds 
  Import took 0.012326 seconds .

========================================================================
Received Import Request.
  Time since last request: 0.000195 seconds.
  path: Assets/Resources/Prefabs/Generation/Rooms/New rooms/Start rooms/StartRoom2.prefab
  artifactKey: Guid(d26b6576b5100bb43abc6149404dccca) Importer(815301076,1909f56bfc062723c751e8b465ee728b)
Start importing Assets/Resources/Prefabs/Generation/Rooms/New rooms/Start rooms/StartRoom2.prefab using Guid(d26b6576b5100bb43abc6149404dccca) Importer(815301076,1909f56bfc062723c751e8b465ee728b)  -> (artifact id: 'c68a179c583ea36f3ed6bd4cff2b6a09') in 0.012288 seconds 
  Import took 0.017768 seconds .

========================================================================
Received Prepare
Registering precompiled user dll's ...
Registered in 0.002804 seconds.
Begin MonoManager ReloadAssembly
Native extension for WindowsStandalone target not found
Refreshing native plugins compatible for Editor in 0.67 ms, found 3 plugins.
Preloading 0 native plugins for Editor in 0.00 ms.
Mono: successfully reloaded assembly
- Completed reload, in  1.632 seconds
Domain Reload Profiling:
	ReloadAssembly (1632ms)
		BeginReloadAssembly (107ms)
			ExecutionOrderSort (0ms)
			DisableScriptedObjects (5ms)
			BackupInstance (0ms)
			ReleaseScriptingObjects (0ms)
			CreateAndSetChildDomain (40ms)
		EndReloadAssembly (1465ms)
			LoadAssemblies (93ms)
			RebuildTransferFunctionScriptingTraits (0ms)
			SetupTypeCache (736ms)
			ReleaseScriptCaches (1ms)
			RebuildScriptCaches (44ms)
			SetupLoadedEditorAssemblies (450ms)
				LogAssemblyErrors (0ms)
				InitializePlatformSupportModulesInManaged (9ms)
				SetLoadedEditorAssemblies (0ms)
				RefreshPlugins (1ms)
				BeforeProcessingInitializeOnLoad (175ms)
				ProcessInitializeOnLoadAttributes (255ms)
				ProcessInitializeOnLoadMethodAttributes (5ms)
				AfterProcessingInitializeOnLoad (5ms)
				EditorAssembliesLoaded (0ms)
			ExecutionOrderSort2 (0ms)
			AwakeInstancesAfterBackupRestoration (9ms)
Platform modules already initialized, skipping
Refreshing native plugins compatible for Editor in 0.68 ms, found 3 plugins.
Preloading 0 native plugins for Editor in 0.00 ms.
Unloading 2409 Unused Serialized files (Serialized files now loaded: 0)
System memory in use before: 107.3 MB.
System memory in use after: 107.5 MB.

Unloading 16 unused Assets to reduce memory usage. Loaded Objects now: 2898.
Total: 5.521100 ms (FindLiveObjects: 1.651700 ms CreateObjectMapping: 0.463200 ms MarkObjects: 3.383700 ms  DeleteObjects: 0.020800 ms)

AssetImportParameters requested are different than current active one (requested -> active):
  custom:framework-win-MediaFoundation: 216162199b28c13a410421893ffa2e32 -> 
  custom:video-decoder-ogg-theora: a1e56fd34408186e4bbccfd4996cb3dc -> 
  custom:container-muxer-webm: aa71ff27fc2769a1b78a27578f13a17b -> 
  custom:container-demuxer-webm: 4f35f7cbe854078d1ac9338744f61a02 -> 
  custom:container-demuxer-ogg: 62fdf1f143b41e24485cea50d1cbac27 -> 
  custom:video-encoder-webm-vp8: eb34c28f22e8b96e1ab97ce403110664 -> 
  custom:video-decoder-webm-vp8: 9c59270c3fd7afecdb556c50c9e8de78 -> 
  custom:audio-decoder-ogg-vorbis: bf7c407c2cedff20999df2af8eb42d56 -> 
  custom:audio-encoder-webm-vorbis: bf7c407c2cedff20999df2af8eb42d56 -> 
========================================================================
Received Prepare
Registering precompiled user dll's ...
Registered in 0.002754 seconds.
Begin MonoManager ReloadAssembly
Native extension for WindowsStandalone target not found
Refreshing native plugins compatible for Editor in 0.66 ms, found 3 plugins.
Preloading 0 native plugins for Editor in 0.00 ms.
Mono: successfully reloaded assembly
- Completed reload, in  1.313 seconds
Domain Reload Profiling:
	ReloadAssembly (1314ms)
		BeginReloadAssembly (143ms)
			ExecutionOrderSort (0ms)
			DisableScriptedObjects (7ms)
			BackupInstance (0ms)
			ReleaseScriptingObjects (0ms)
			CreateAndSetChildDomain (46ms)
		EndReloadAssembly (1079ms)
			LoadAssemblies (110ms)
			RebuildTransferFunctionScriptingTraits (0ms)
			SetupTypeCache (357ms)
			ReleaseScriptCaches (1ms)
			RebuildScriptCaches (49ms)
			SetupLoadedEditorAssemblies (449ms)
				LogAssemblyErrors (0ms)
				InitializePlatformSupportModulesInManaged (7ms)
				SetLoadedEditorAssemblies (1ms)
				RefreshPlugins (1ms)
				BeforeProcessingInitializeOnLoad (167ms)
				ProcessInitializeOnLoadAttributes (246ms)
				ProcessInitializeOnLoadMethodAttributes (10ms)
				AfterProcessingInitializeOnLoad (17ms)
				EditorAssembliesLoaded (0ms)
			ExecutionOrderSort2 (0ms)
			AwakeInstancesAfterBackupRestoration (20ms)
Platform modules already initialized, skipping
Refreshing native plugins compatible for Editor in 2.63 ms, found 3 plugins.
Preloading 0 native plugins for Editor in 0.00 ms.
Unloading 2409 Unused Serialized files (Serialized files now loaded: 0)
System memory in use before: 107.4 MB.
System memory in use after: 107.6 MB.

Unloading 16 unused Assets to reduce memory usage. Loaded Objects now: 2901.
Total: 18.269800 ms (FindLiveObjects: 1.522600 ms CreateObjectMapping: 2.200200 ms MarkObjects: 14.515000 ms  DeleteObjects: 0.028000 ms)

AssetImportParameters requested are different than current active one (requested -> active):
  custom:framework-win-MediaFoundation: 216162199b28c13a410421893ffa2e32 -> 
  custom:video-decoder-ogg-theora: a1e56fd34408186e4bbccfd4996cb3dc -> 
  custom:container-muxer-webm: aa71ff27fc2769a1b78a27578f13a17b -> 
  custom:container-demuxer-webm: 4f35f7cbe854078d1ac9338744f61a02 -> 
  custom:container-demuxer-ogg: 62fdf1f143b41e24485cea50d1cbac27 -> 
  custom:video-encoder-webm-vp8: eb34c28f22e8b96e1ab97ce403110664 -> 
  custom:video-decoder-webm-vp8: 9c59270c3fd7afecdb556c50c9e8de78 -> 
  custom:audio-decoder-ogg-vorbis: bf7c407c2cedff20999df2af8eb42d56 -> 
  custom:audio-encoder-webm-vorbis: bf7c407c2cedff20999df2af8eb42d56 -> 
